[2024-09-15T22:38:16.059876+02:00] app.INFO: Connexion à la base de données établie avec succès [] []
[2024-09-15T22:38:16.059935+02:00] app.INFO: Accès à la page d'accueil de l'administration [] []
[2024-09-15T22:38:16.060140+02:00] app.INFO: Accès au tableau de bord administrateur [] []
[2024-09-15T22:38:16.069114+02:00] app.DEBUG: Statistiques récupérées pour le tableau de bord {"totalVehicules":1,"totalUsers":1,"totalRentals":0,"totalRevenue":0} []
[2024-09-15T22:38:16.069189+02:00] app.INFO: Début du rendu de la vue : admin/dashboard [] []
[2024-09-15T22:38:16.069211+02:00] app.INFO: Chemin de la vue : /var/www/html/e-motion/controller/../views/admin/dashboard.php [] []
[2024-09-15T22:38:16.069968+02:00] app.INFO: Contenu de la vue capturé, longueur : 4227 [] []
[2024-09-15T22:38:16.070011+02:00] app.INFO: Utilisation du layout : /var/www/html/e-motion/controller/../views/layouts/main.php [] []
[2024-09-15T22:38:16.070043+02:00] app.DEBUG: Recherche de l'utilisateur par ID: 1 [] []
[2024-09-15T22:38:16.070323+02:00] app.DEBUG: Utilisateur trouvé par ID: 1 [] []
[2024-09-15T22:38:16.070385+02:00] app.INFO: Fin du rendu de la vue : admin/dashboard [] []
[2024-09-16T12:24:28.450833+02:00] app.INFO: Connexion à la base de données établie avec succès [] []
[2024-09-16T12:24:28.451630+02:00] app.INFO: Accès à la page d'accueil de l'administration [] []
[2024-09-16T12:24:28.452011+02:00] app.INFO: Accès au tableau de bord administrateur [] []
[2024-09-16T12:24:28.459285+02:00] app.DEBUG: Statistiques récupérées pour le tableau de bord {"totalVehicules":1,"totalUsers":1,"totalRentals":0,"totalRevenue":0} []
[2024-09-16T12:24:28.459410+02:00] app.INFO: Début du rendu de la vue : admin/dashboard [] []
[2024-09-16T12:24:28.459441+02:00] app.INFO: Chemin de la vue : /var/www/html/e-motion/controller/../views/admin/dashboard.php [] []
[2024-09-16T12:24:28.461012+02:00] app.INFO: Contenu de la vue capturé, longueur : 4227 [] []
[2024-09-16T12:24:28.461088+02:00] app.INFO: Utilisation du layout : /var/www/html/e-motion/controller/../views/layouts/main.php [] []
[2024-09-16T12:24:28.461124+02:00] app.DEBUG: Recherche de l'utilisateur par ID: 1 [] []
[2024-09-16T12:24:28.461961+02:00] app.DEBUG: Utilisateur trouvé par ID: 1 [] []
[2024-09-16T12:24:28.462096+02:00] app.INFO: Fin du rendu de la vue : admin/dashboard [] []
[2024-09-16T12:24:35.830319+02:00] app.INFO: Connexion à la base de données établie avec succès [] []
[2024-09-16T12:24:35.830369+02:00] app.INFO: Début de la méthode manageUsers [] []
[2024-09-16T12:24:35.830824+02:00] app.DEBUG: Paramètres de filtrage {"page":1,"search":"","role":"","sortBy":"id","sortOrder":"ASC"} []
[2024-09-16T12:24:35.832786+02:00] app.DEBUG: Utilisateurs récupérés avec succès {"count":1} []
[2024-09-16T12:24:35.833013+02:00] app.INFO: Début du rendu de la vue : admin/manageUsers [] []
[2024-09-16T12:24:35.833095+02:00] app.INFO: Chemin de la vue : /var/www/html/e-motion/controller/../views/admin/manageUsers.php [] []
[2024-09-16T12:24:35.834776+02:00] app.INFO: Contenu de la vue capturé, longueur : 4074 [] []
[2024-09-16T12:24:35.834811+02:00] app.INFO: Utilisation du layout : /var/www/html/e-motion/controller/../views/layouts/main.php [] []
[2024-09-16T12:24:35.834836+02:00] app.DEBUG: Recherche de l'utilisateur par ID: 1 [] []
[2024-09-16T12:24:35.835085+02:00] app.DEBUG: Utilisateur trouvé par ID: 1 [] []
[2024-09-16T12:24:35.835151+02:00] app.INFO: Fin du rendu de la vue : admin/manageUsers [] []
[2024-09-16T12:24:35.835167+02:00] app.INFO: Fin de la méthode manageUsers [] []
[2024-09-16T12:24:39.028639+02:00] app.INFO: Connexion à la base de données établie avec succès [] []
[2024-09-16T12:24:39.028680+02:00] app.INFO: Accès à la page d'accueil de l'administration [] []
[2024-09-16T12:24:39.029070+02:00] app.INFO: Accès au tableau de bord administrateur [] []
[2024-09-16T12:24:39.030731+02:00] app.DEBUG: Statistiques récupérées pour le tableau de bord {"totalVehicules":1,"totalUsers":1,"totalRentals":0,"totalRevenue":0} []
[2024-09-16T12:24:39.030765+02:00] app.INFO: Début du rendu de la vue : admin/dashboard [] []
[2024-09-16T12:24:39.030796+02:00] app.INFO: Chemin de la vue : /var/www/html/e-motion/controller/../views/admin/dashboard.php [] []
[2024-09-16T12:24:39.030841+02:00] app.INFO: Contenu de la vue capturé, longueur : 4227 [] []
[2024-09-16T12:24:39.030857+02:00] app.INFO: Utilisation du layout : /var/www/html/e-motion/controller/../views/layouts/main.php [] []
[2024-09-16T12:24:39.030878+02:00] app.DEBUG: Recherche de l'utilisateur par ID: 1 [] []
[2024-09-16T12:24:39.031154+02:00] app.DEBUG: Utilisateur trouvé par ID: 1 [] []
[2024-09-16T12:24:39.031208+02:00] app.INFO: Fin du rendu de la vue : admin/dashboard [] []
[2024-09-16T12:24:40.619439+02:00] app.INFO: Connexion à la base de données établie avec succès [] []
[2024-09-16T12:24:40.619479+02:00] app.INFO: Accès au formulaire de création d'offre [] []
[2024-09-16T12:24:40.620138+02:00] app.INFO: Début du rendu de la vue : admin/createOffer [] []
[2024-09-16T12:24:40.620178+02:00] app.INFO: Chemin de la vue : /var/www/html/e-motion/controller/../views/admin/createOffer.php [] []
[2024-09-16T12:24:40.621882+02:00] app.INFO: Contenu de la vue capturé, longueur : 1500 [] []
[2024-09-16T12:24:40.621926+02:00] app.INFO: Utilisation du layout : /var/www/html/e-motion/controller/../views/layouts/main.php [] []
[2024-09-16T12:24:40.621951+02:00] app.DEBUG: Recherche de l'utilisateur par ID: 1 [] []
[2024-09-16T12:24:40.622180+02:00] app.DEBUG: Utilisateur trouvé par ID: 1 [] []
[2024-09-16T12:24:40.622228+02:00] app.INFO: Fin du rendu de la vue : admin/createOffer [] []
[2024-09-16T12:24:44.794444+02:00] app.INFO: Connexion à la base de données établie avec succès [] []
[2024-09-16T12:24:44.794515+02:00] app.INFO: Accès à la page d'accueil de l'administration [] []
[2024-09-16T12:24:44.794777+02:00] app.INFO: Accès au tableau de bord administrateur [] []
[2024-09-16T12:24:44.795750+02:00] app.DEBUG: Statistiques récupérées pour le tableau de bord {"totalVehicules":1,"totalUsers":1,"totalRentals":0,"totalRevenue":0} []
[2024-09-16T12:24:44.795790+02:00] app.INFO: Début du rendu de la vue : admin/dashboard [] []
[2024-09-16T12:24:44.795809+02:00] app.INFO: Chemin de la vue : /var/www/html/e-motion/controller/../views/admin/dashboard.php [] []
[2024-09-16T12:24:44.795867+02:00] app.INFO: Contenu de la vue capturé, longueur : 4227 [] []
[2024-09-16T12:24:44.795883+02:00] app.INFO: Utilisation du layout : /var/www/html/e-motion/controller/../views/layouts/main.php [] []
[2024-09-16T12:24:44.795903+02:00] app.DEBUG: Recherche de l'utilisateur par ID: 1 [] []
[2024-09-16T12:24:44.796042+02:00] app.DEBUG: Utilisateur trouvé par ID: 1 [] []
[2024-09-16T12:24:44.796086+02:00] app.INFO: Fin du rendu de la vue : admin/dashboard [] []
[2024-09-16T12:24:46.287392+02:00] app.INFO: Connexion à la base de données établie avec succès [] []
[2024-09-16T12:24:46.287435+02:00] app.INFO: Accès au formulaire d'ajout de véhicule [] []
[2024-09-16T12:24:46.287879+02:00] app.INFO: Début du rendu de la vue : admin/addVehicule [] []
[2024-09-16T12:24:46.287949+02:00] app.INFO: Chemin de la vue : /var/www/html/e-motion/controller/../views/admin/addVehicule.php [] []
[2024-09-16T12:24:46.290237+02:00] app.INFO: Contenu de la vue capturé, longueur : 2700 [] []
[2024-09-16T12:24:46.290335+02:00] app.INFO: Utilisation du layout : /var/www/html/e-motion/controller/../views/layouts/main.php [] []
[2024-09-16T12:24:46.290371+02:00] app.DEBUG: Recherche de l'utilisateur par ID: 1 [] []
[2024-09-16T12:24:46.291166+02:00] app.DEBUG: Utilisateur trouvé par ID: 1 [] []
[2024-09-16T12:24:46.291292+02:00] app.INFO: Fin du rendu de la vue : admin/addVehicule [] []
[2024-09-16T12:25:28.429229+02:00] app.INFO: Connexion à la base de données établie avec succès [] []
[2024-09-16T12:25:28.429289+02:00] app.INFO: Accès à la page d'accueil de l'administration [] []
[2024-09-16T12:25:28.429539+02:00] app.INFO: Accès au tableau de bord administrateur [] []
[2024-09-16T12:25:28.430859+02:00] app.DEBUG: Statistiques récupérées pour le tableau de bord {"totalVehicules":1,"totalUsers":1,"totalRentals":0,"totalRevenue":0} []
[2024-09-16T12:25:28.430929+02:00] app.INFO: Début du rendu de la vue : admin/dashboard [] []
[2024-09-16T12:25:28.430958+02:00] app.INFO: Chemin de la vue : /var/www/html/e-motion/controller/../views/admin/dashboard.php [] []
[2024-09-16T12:25:28.431034+02:00] app.INFO: Contenu de la vue capturé, longueur : 4227 [] []
[2024-09-16T12:25:28.431088+02:00] app.INFO: Utilisation du layout : /var/www/html/e-motion/controller/../views/layouts/main.php [] []
[2024-09-16T12:25:28.431122+02:00] app.DEBUG: Recherche de l'utilisateur par ID: 1 [] []
[2024-09-16T12:25:28.431368+02:00] app.DEBUG: Utilisateur trouvé par ID: 1 [] []
[2024-09-16T12:25:28.431458+02:00] app.INFO: Fin du rendu de la vue : admin/dashboard [] []
[2024-09-19T15:58:16.400048+02:00] app.INFO: Connexion à la base de données établie avec succès [] []
[2024-09-19T15:58:16.400724+02:00] app.INFO: Accès à la page d'accueil de l'administration [] []
[2024-09-19T15:58:16.401010+02:00] app.INFO: Accès au tableau de bord administrateur [] []
[2024-09-19T15:58:16.405485+02:00] app.DEBUG: Statistiques récupérées pour le tableau de bord {"totalVehicules":1,"totalUsers":1,"totalRentals":0,"totalRevenue":0} []
[2024-09-19T15:58:16.405541+02:00] app.INFO: Début du rendu de la vue : admin/dashboard [] []
[2024-09-19T15:58:16.405563+02:00] app.INFO: Chemin de la vue : /var/www/html/e-motion/controller/../views/admin/dashboard.php [] []
[2024-09-19T15:58:16.406816+02:00] app.INFO: Contenu de la vue capturé, longueur : 4227 [] []
[2024-09-19T15:58:16.406855+02:00] app.INFO: Utilisation du layout : /var/www/html/e-motion/controller/../views/layouts/main.php [] []
[2024-09-19T15:58:16.406880+02:00] app.DEBUG: Recherche de l'utilisateur par ID: 1 [] []
[2024-09-19T15:58:16.407455+02:00] app.DEBUG: Utilisateur trouvé par ID: 1 [] []
[2024-09-19T15:58:16.407513+02:00] app.INFO: Fin du rendu de la vue : admin/dashboard [] []
