[2024-09-15T22:11:16.615460+02:00] app.INFO: BaseController initialized [] []
[2024-09-15T22:11:16.619572+02:00] app.INFO: BaseController initialized [] []
[2024-09-15T22:11:16.619638+02:00] app.DEBUG: Début de la méthode index() [] []
[2024-09-15T22:11:16.619654+02:00] app.DEBUG: Connexion à la base de données vérifiée [] []
[2024-09-15T22:11:16.619665+02:00] app.DEBUG: Tentative de récupération des véhicules récents [] []
[2024-09-15T22:11:16.619674+02:00] app.DEBUG: Tentative de récupération des véhicules récents [] []
[2024-09-15T22:11:16.631242+02:00] app.INFO: Véhicules récents récupérés avec succès {"count":1} []
[2024-09-15T22:11:16.631289+02:00] app.DEBUG: Véhicule valide récupéré {"index":0,"id":1,"marque":"Tesla","modele":"Model S"} []
[2024-09-15T22:11:16.631301+02:00] app.INFO: Nombre de véhicules valides : 1 [] []
[2024-09-15T22:11:16.631311+02:00] app.DEBUG: Véhicules récents récupérés {"count":1} []
[2024-09-15T22:11:16.631319+02:00] app.DEBUG: Vérification du véhicule {"index":0,"is_object":true,"class":"Vehicule","has_getId":true} []
[2024-09-15T22:11:16.631327+02:00] app.DEBUG: Tentative de récupération des offres actives [] []
[2024-09-15T22:11:16.634391+02:00] app.ERROR: Erreur lors de la récupération des offres actives {"error":"Impossible de récupérer les offres actives."} []
[2024-09-15T22:11:16.634432+02:00] app.ERROR: Erreur dans HomeController::index {"message":"Impossible de récupérer les offres actives","file":"/var/www/html/e-motion/controller/HomeController.php","line":110,"trace":"#0 /var/www/html/e-motion/controller/HomeController.php(36): HomeController->getActiveOffers()\n#1 /var/www/html/e-motion/index.php(116): HomeController->index()\n#2 {main}"} []
[2024-09-15T22:13:57.164950+02:00] app.INFO: BaseController initialized [] []
[2024-09-15T22:13:57.165193+02:00] app.INFO: BaseController initialized [] []
[2024-09-15T22:13:57.165224+02:00] app.DEBUG: Début de la méthode index() [] []
[2024-09-15T22:13:57.165237+02:00] app.DEBUG: Connexion à la base de données vérifiée [] []
[2024-09-15T22:13:57.165247+02:00] app.DEBUG: Tentative de récupération des véhicules récents [] []
[2024-09-15T22:13:57.165257+02:00] app.DEBUG: Tentative de récupération des véhicules récents [] []
[2024-09-15T22:13:57.165855+02:00] app.INFO: Véhicules récents récupérés avec succès {"count":1} []
[2024-09-15T22:13:57.165889+02:00] app.DEBUG: Véhicule valide récupéré {"index":0,"id":1,"marque":"Tesla","modele":"Model S"} []
[2024-09-15T22:13:57.165904+02:00] app.INFO: Nombre de véhicules valides : 1 [] []
[2024-09-15T22:13:57.165915+02:00] app.DEBUG: Véhicules récents récupérés {"count":1} []
[2024-09-15T22:13:57.165926+02:00] app.DEBUG: Vérification du véhicule {"index":0,"is_object":true,"class":"Vehicule","has_getId":true} []
[2024-09-15T22:13:57.165937+02:00] app.DEBUG: Tentative de récupération des offres actives [] []
[2024-09-15T22:13:57.168995+02:00] app.INFO: Offres actives récupérées avec succès {"count":0} []
[2024-09-15T22:13:57.169042+02:00] app.DEBUG: Offres actives récupérées {"count":0} []
[2024-09-15T22:13:57.169055+02:00] app.DEBUG: Appel de la méthode render() [] []
[2024-09-15T22:13:57.169065+02:00] app.INFO: Début du rendu de la vue : home [] []
[2024-09-15T22:13:57.169080+02:00] app.INFO: Chemin de la vue : /var/www/html/e-motion/controller/../views/home.php [] []
[2024-09-15T22:13:57.169760+02:00] app.DEBUG: Type de recentVehicules : array [] []
[2024-09-15T22:13:57.169798+02:00] app.DEBUG: Nombre de véhicules récents : 1 [] []
[2024-09-15T22:13:57.169819+02:00] app.DEBUG: Traitement du véhicule 0 : Vehicule Object (     [id:Vehicule:private] => 1     [type_id:Vehicule:private] => 2     [marque:Vehicule:private] => Tesla     [modele:Vehicule:private] => Model S     [numero_serie:Vehicule:private] => 5YJSA1E26JF123456     [couleur:Vehicule:private] => 5YJSA1E26JF123456     [immatriculation:Vehicule:private] => Blanc     [kilometres:Vehicule:private] => 123     [date_achat:Vehicule:private] => 5000     [prix_achat:Vehicule:private] => 2023     [categorie:Vehicule:private] => 80000     [tarif_journalier:Vehicule:private] =>      [is_available:Vehicule:private] =>  )  [] []
[2024-09-15T22:13:57.169914+02:00] app.WARNING: L'image n'existe pas : https://extranet.emotionipssi.com/public/images/vehicules/1.jpg [] []
[2024-09-15T22:13:57.170847+02:00] app.DEBUG: Nombre de véhicules affichés : 1 [] []
[2024-09-15T22:13:57.170882+02:00] app.DEBUG: Nombre de véhicules affichés : 1 [] []
[2024-09-15T22:13:57.170896+02:00] app.INFO: Contenu de la vue capturé, longueur : 1422 [] []
[2024-09-15T22:13:57.170930+02:00] app.INFO: Utilisation du layout : /var/www/html/e-motion/controller/../views/layouts/main.php [] []
[2024-09-15T22:13:57.172554+02:00] app.INFO: Fin du rendu de la vue : home [] []
[2024-09-15T22:13:57.172578+02:00] app.DEBUG: Fin de la méthode index() [] []
[2024-09-15T22:14:02.396078+02:00] app.INFO: BaseController initialized [] []
[2024-09-15T22:14:02.396209+02:00] app.INFO: BaseController initialized [] []
[2024-09-15T22:14:02.396227+02:00] app.DEBUG: Début de la méthode index() [] []
[2024-09-15T22:14:02.396236+02:00] app.DEBUG: Connexion à la base de données vérifiée [] []
[2024-09-15T22:14:02.396242+02:00] app.DEBUG: Tentative de récupération des véhicules récents [] []
[2024-09-15T22:14:02.396249+02:00] app.DEBUG: Tentative de récupération des véhicules récents [] []
[2024-09-15T22:14:02.396699+02:00] app.INFO: Véhicules récents récupérés avec succès {"count":1} []
[2024-09-15T22:14:02.396739+02:00] app.DEBUG: Véhicule valide récupéré {"index":0,"id":1,"marque":"Tesla","modele":"Model S"} []
[2024-09-15T22:14:02.396751+02:00] app.INFO: Nombre de véhicules valides : 1 [] []
[2024-09-15T22:14:02.396759+02:00] app.DEBUG: Véhicules récents récupérés {"count":1} []
[2024-09-15T22:14:02.396767+02:00] app.DEBUG: Vérification du véhicule {"index":0,"is_object":true,"class":"Vehicule","has_getId":true} []
[2024-09-15T22:14:02.396775+02:00] app.DEBUG: Tentative de récupération des offres actives [] []
[2024-09-15T22:14:02.397044+02:00] app.INFO: Offres actives récupérées avec succès {"count":0} []
[2024-09-15T22:14:02.397069+02:00] app.DEBUG: Offres actives récupérées {"count":0} []
[2024-09-15T22:14:02.397080+02:00] app.DEBUG: Appel de la méthode render() [] []
[2024-09-15T22:14:02.397089+02:00] app.INFO: Début du rendu de la vue : home [] []
[2024-09-15T22:14:02.397100+02:00] app.INFO: Chemin de la vue : /var/www/html/e-motion/controller/../views/home.php [] []
[2024-09-15T22:14:02.397141+02:00] app.DEBUG: Type de recentVehicules : array [] []
[2024-09-15T22:14:02.397149+02:00] app.DEBUG: Nombre de véhicules récents : 1 [] []
[2024-09-15T22:14:02.397161+02:00] app.DEBUG: Traitement du véhicule 0 : Vehicule Object (     [id:Vehicule:private] => 1     [type_id:Vehicule:private] => 2     [marque:Vehicule:private] => Tesla     [modele:Vehicule:private] => Model S     [numero_serie:Vehicule:private] => 5YJSA1E26JF123456     [couleur:Vehicule:private] => 5YJSA1E26JF123456     [immatriculation:Vehicule:private] => Blanc     [kilometres:Vehicule:private] => 123     [date_achat:Vehicule:private] => 5000     [prix_achat:Vehicule:private] => 2023     [categorie:Vehicule:private] => 80000     [tarif_journalier:Vehicule:private] =>      [is_available:Vehicule:private] =>  )  [] []
[2024-09-15T22:14:02.397179+02:00] app.WARNING: L'image n'existe pas : https://extranet.emotionipssi.com/public/images/vehicules/1.jpg [] []
[2024-09-15T22:14:02.397473+02:00] app.DEBUG: Nombre de véhicules affichés : 1 [] []
[2024-09-15T22:14:02.397498+02:00] app.DEBUG: Nombre de véhicules affichés : 1 [] []
[2024-09-15T22:14:02.397510+02:00] app.INFO: Contenu de la vue capturé, longueur : 1422 [] []
[2024-09-15T22:14:02.397526+02:00] app.INFO: Utilisation du layout : /var/www/html/e-motion/controller/../views/layouts/main.php [] []
[2024-09-15T22:14:02.397579+02:00] app.INFO: Fin du rendu de la vue : home [] []
[2024-09-15T22:14:02.397590+02:00] app.DEBUG: Fin de la méthode index() [] []
[2024-09-15T22:14:05.099728+02:00] app.INFO: BaseController initialized [] []
[2024-09-15T22:14:05.099878+02:00] app.INFO: Début du rendu de la vue : auth/login [] []
[2024-09-15T22:14:05.099894+02:00] app.INFO: Chemin de la vue : /var/www/html/e-motion/controller/../views/auth/login.php [] []
[2024-09-15T22:14:05.100840+02:00] app.INFO: Contenu de la vue capturé, longueur : 1607 [] []
[2024-09-15T22:14:05.100882+02:00] app.INFO: Utilisation du layout : /var/www/html/e-motion/controller/../views/layouts/main.php [] []
[2024-09-15T22:14:05.100916+02:00] app.INFO: Fin du rendu de la vue : auth/login [] []
[2024-09-15T22:15:07.635767+02:00] app.INFO: BaseController initialized [] []
[2024-09-15T22:15:07.635915+02:00] app.DEBUG: Tentative d'authentification pour: admin_username [] []
[2024-09-15T22:15:07.635930+02:00] app.DEBUG: Recherche de l'utilisateur par nom d'utilisateur: admin_username [] []
[2024-09-15T22:15:07.637032+02:00] app.DEBUG: Aucun utilisateur trouvé pour le nom d'utilisateur: admin_username [] []
[2024-09-15T22:15:07.637099+02:00] app.DEBUG: Utilisateur non trouvé [] []
[2024-09-15T22:15:07.637151+02:00] app.INFO: Début du rendu de la vue : auth/login [] []
[2024-09-15T22:15:07.637166+02:00] app.INFO: Chemin de la vue : /var/www/html/e-motion/controller/../views/auth/login.php [] []
[2024-09-15T22:15:07.637203+02:00] app.INFO: Contenu de la vue capturé, longueur : 1744 [] []
[2024-09-15T22:15:07.637213+02:00] app.INFO: Utilisation du layout : /var/www/html/e-motion/controller/../views/layouts/main.php [] []
[2024-09-15T22:15:07.637238+02:00] app.INFO: Fin du rendu de la vue : auth/login [] []
[2024-09-15T22:38:12.992137+02:00] app.INFO: BaseController initialized [] []
[2024-09-15T22:38:12.993248+02:00] app.DEBUG: Tentative d'authentification pour: admin_username [] []
[2024-09-15T22:38:12.993276+02:00] app.DEBUG: Recherche de l'utilisateur par nom d'utilisateur: admin_username [] []
[2024-09-15T22:38:12.998163+02:00] app.DEBUG: Utilisateur trouvé par nom d'utilisateur: admin_username [] []
[2024-09-15T22:38:12.998238+02:00] app.DEBUG: Utilisateur trouvé, vérification du mot de passe [] []
[2024-09-15T22:38:13.052716+02:00] app.DEBUG: Mot de passe vérifié avec succès [] []
[2024-09-15T22:38:13.084048+02:00] app.INFO: BaseController initialized [] []
[2024-09-15T22:38:13.084307+02:00] app.INFO: BaseController initialized [] []
[2024-09-15T22:38:13.084342+02:00] app.DEBUG: Début de la méthode index() [] []
[2024-09-15T22:38:13.084357+02:00] app.DEBUG: Connexion à la base de données vérifiée [] []
[2024-09-15T22:38:13.084367+02:00] app.DEBUG: Tentative de récupération des véhicules récents [] []
[2024-09-15T22:38:13.084378+02:00] app.DEBUG: Tentative de récupération des véhicules récents [] []
[2024-09-15T22:38:13.085053+02:00] app.INFO: Véhicules récents récupérés avec succès {"count":1} []
[2024-09-15T22:38:13.085093+02:00] app.DEBUG: Véhicule valide récupéré {"index":0,"id":1,"marque":"Tesla","modele":"Model S"} []
[2024-09-15T22:38:13.085108+02:00] app.INFO: Nombre de véhicules valides : 1 [] []
[2024-09-15T22:38:13.085121+02:00] app.DEBUG: Véhicules récents récupérés {"count":1} []
[2024-09-15T22:38:13.085132+02:00] app.DEBUG: Vérification du véhicule {"index":0,"is_object":true,"class":"Vehicule","has_getId":true} []
[2024-09-15T22:38:13.085145+02:00] app.DEBUG: Tentative de récupération des offres actives [] []
[2024-09-15T22:38:13.085492+02:00] app.INFO: Offres actives récupérées avec succès {"count":0} []
[2024-09-15T22:38:13.085530+02:00] app.DEBUG: Offres actives récupérées {"count":0} []
[2024-09-15T22:38:13.085554+02:00] app.DEBUG: Recherche de l'utilisateur par ID: 1 [] []
[2024-09-15T22:38:13.086084+02:00] app.DEBUG: Utilisateur trouvé par ID: 1 [] []
[2024-09-15T22:38:13.086128+02:00] app.DEBUG: Appel de la méthode render() [] []
[2024-09-15T22:38:13.086144+02:00] app.INFO: Début du rendu de la vue : home [] []
[2024-09-15T22:38:13.086159+02:00] app.INFO: Chemin de la vue : /var/www/html/e-motion/controller/../views/home.php [] []
[2024-09-15T22:38:13.086206+02:00] app.DEBUG: Type de recentVehicules : array [] []
[2024-09-15T22:38:13.086225+02:00] app.DEBUG: Nombre de véhicules récents : 1 [] []
[2024-09-15T22:38:13.086239+02:00] app.DEBUG: Traitement du véhicule 0 : Vehicule Object (     [id:Vehicule:private] => 1     [type_id:Vehicule:private] => 2     [marque:Vehicule:private] => Tesla     [modele:Vehicule:private] => Model S     [numero_serie:Vehicule:private] => 5YJSA1E26JF123456     [couleur:Vehicule:private] => 5YJSA1E26JF123456     [immatriculation:Vehicule:private] => Blanc     [kilometres:Vehicule:private] => 123     [date_achat:Vehicule:private] => 5000     [prix_achat:Vehicule:private] => 2023     [categorie:Vehicule:private] => 80000     [tarif_journalier:Vehicule:private] =>      [is_available:Vehicule:private] =>  )  [] []
[2024-09-15T22:38:13.086261+02:00] app.WARNING: L'image n'existe pas : https://extranet.emotionipssi.com/public/images/vehicules/1.jpg [] []
[2024-09-15T22:38:13.086577+02:00] app.DEBUG: Nombre de véhicules affichés : 1 [] []
[2024-09-15T22:38:13.086598+02:00] app.DEBUG: Nombre de véhicules affichés : 1 [] []
[2024-09-15T22:38:13.086609+02:00] app.INFO: Contenu de la vue capturé, longueur : 1422 [] []
[2024-09-15T22:38:13.086622+02:00] app.INFO: Utilisation du layout : /var/www/html/e-motion/controller/../views/layouts/main.php [] []
[2024-09-15T22:38:13.086651+02:00] app.DEBUG: Recherche de l'utilisateur par ID: 1 [] []
[2024-09-15T22:38:13.086893+02:00] app.DEBUG: Utilisateur trouvé par ID: 1 [] []
[2024-09-15T22:38:13.086934+02:00] app.INFO: Fin du rendu de la vue : home [] []
[2024-09-15T22:38:13.086943+02:00] app.DEBUG: Fin de la méthode index() [] []
[2024-09-15T22:38:16.057475+02:00] app.INFO: BaseController initialized [] []
[2024-09-15T22:38:16.059876+02:00] app.INFO: Connexion à la base de données établie avec succès [] []
[2024-09-15T22:38:16.059935+02:00] app.INFO: Accès à la page d'accueil de l'administration [] []
[2024-09-15T22:38:16.060140+02:00] app.INFO: Accès au tableau de bord administrateur [] []
[2024-09-15T22:38:16.069114+02:00] app.DEBUG: Statistiques récupérées pour le tableau de bord {"totalVehicules":1,"totalUsers":1,"totalRentals":0,"totalRevenue":0} []
[2024-09-15T22:38:16.069189+02:00] app.INFO: Début du rendu de la vue : admin/dashboard [] []
[2024-09-15T22:38:16.069211+02:00] app.INFO: Chemin de la vue : /var/www/html/e-motion/controller/../views/admin/dashboard.php [] []
[2024-09-15T22:38:16.069968+02:00] app.INFO: Contenu de la vue capturé, longueur : 4227 [] []
[2024-09-15T22:38:16.070011+02:00] app.INFO: Utilisation du layout : /var/www/html/e-motion/controller/../views/layouts/main.php [] []
[2024-09-15T22:38:16.070043+02:00] app.DEBUG: Recherche de l'utilisateur par ID: 1 [] []
[2024-09-15T22:38:16.070323+02:00] app.DEBUG: Utilisateur trouvé par ID: 1 [] []
[2024-09-15T22:38:16.070385+02:00] app.INFO: Fin du rendu de la vue : admin/dashboard [] []
[2024-09-15T22:38:19.946623+02:00] app.INFO: BaseController initialized [] []
[2024-09-15T22:38:19.947083+02:00] app.INFO: Accès à la page de locations autorisé. [] []
[2024-09-15T22:38:19.948590+02:00] app.INFO: BaseController initialized [] []
[2024-09-15T22:38:19.948651+02:00] app.DEBUG: Recherche de l'utilisateur par ID: 1 [] []
[2024-09-15T22:38:19.949148+02:00] app.DEBUG: Utilisateur trouvé par ID: 1 [] []
[2024-09-15T22:38:19.953798+02:00] app.INFO: Début du rendu de la vue : rentals/index [] []
[2024-09-15T22:38:19.953895+02:00] app.INFO: Chemin de la vue : /var/www/html/e-motion/controller/../views/rentals/index.php [] []
[2024-09-15T22:38:19.955244+02:00] app.INFO: Contenu de la vue capturé, longueur : 976 [] []
[2024-09-15T22:38:19.955297+02:00] app.INFO: Utilisation du layout : /var/www/html/e-motion/controller/../views/layouts/main.php [] []
[2024-09-15T22:38:19.955330+02:00] app.DEBUG: Recherche de l'utilisateur par ID: 1 [] []
[2024-09-15T22:38:19.955688+02:00] app.DEBUG: Utilisateur trouvé par ID: 1 [] []
[2024-09-15T22:38:19.955770+02:00] app.INFO: Fin du rendu de la vue : rentals/index [] []
[2024-09-15T22:38:21.436616+02:00] app.INFO: BaseController initialized [] []
[2024-09-15T22:38:21.437464+02:00] app.INFO: BaseController initialized [] []
[2024-09-15T22:38:21.438257+02:00] app.INFO: Début du rendu de la vue : vehicules/index [] []
[2024-09-15T22:38:21.438302+02:00] app.INFO: Chemin de la vue : /var/www/html/e-motion/controller/../views/vehicules/index.php [] []
[2024-09-15T22:38:21.439346+02:00] app.INFO: Contenu de la vue capturé, longueur : 1288 [] []
[2024-09-15T22:38:21.439381+02:00] app.INFO: Utilisation du layout : /var/www/html/e-motion/controller/../views/layouts/main.php [] []
[2024-09-15T22:38:21.439406+02:00] app.DEBUG: Recherche de l'utilisateur par ID: 1 [] []
[2024-09-15T22:38:21.439632+02:00] app.DEBUG: Utilisateur trouvé par ID: 1 [] []
[2024-09-15T22:38:21.439687+02:00] app.INFO: Fin du rendu de la vue : vehicules/index [] []
[2024-09-15T22:38:24.827394+02:00] app.INFO: BaseController initialized [] []
[2024-09-15T22:38:24.827520+02:00] app.INFO: BaseController initialized [] []
[2024-09-15T22:38:24.827537+02:00] app.DEBUG: Début de la méthode index() [] []
[2024-09-15T22:38:24.827545+02:00] app.DEBUG: Connexion à la base de données vérifiée [] []
[2024-09-15T22:38:24.827552+02:00] app.DEBUG: Tentative de récupération des véhicules récents [] []
[2024-09-15T22:38:24.827559+02:00] app.DEBUG: Tentative de récupération des véhicules récents [] []
[2024-09-15T22:38:24.828049+02:00] app.INFO: Véhicules récents récupérés avec succès {"count":1} []
[2024-09-15T22:38:24.828087+02:00] app.DEBUG: Véhicule valide récupéré {"index":0,"id":1,"marque":"Tesla","modele":"Model S"} []
[2024-09-15T22:38:24.828098+02:00] app.INFO: Nombre de véhicules valides : 1 [] []
[2024-09-15T22:38:24.828106+02:00] app.DEBUG: Véhicules récents récupérés {"count":1} []
[2024-09-15T22:38:24.828114+02:00] app.DEBUG: Vérification du véhicule {"index":0,"is_object":true,"class":"Vehicule","has_getId":true} []
[2024-09-15T22:38:24.828122+02:00] app.DEBUG: Tentative de récupération des offres actives [] []
[2024-09-15T22:38:24.828444+02:00] app.INFO: Offres actives récupérées avec succès {"count":0} []
[2024-09-15T22:38:24.828473+02:00] app.DEBUG: Offres actives récupérées {"count":0} []
[2024-09-15T22:38:24.828488+02:00] app.DEBUG: Recherche de l'utilisateur par ID: 1 [] []
[2024-09-15T22:38:24.828747+02:00] app.DEBUG: Utilisateur trouvé par ID: 1 [] []
[2024-09-15T22:38:24.828786+02:00] app.DEBUG: Appel de la méthode render() [] []
[2024-09-15T22:38:24.828807+02:00] app.INFO: Début du rendu de la vue : home [] []
[2024-09-15T22:38:24.828823+02:00] app.INFO: Chemin de la vue : /var/www/html/e-motion/controller/../views/home.php [] []
[2024-09-15T22:38:24.828847+02:00] app.DEBUG: Type de recentVehicules : array [] []
[2024-09-15T22:38:24.828854+02:00] app.DEBUG: Nombre de véhicules récents : 1 [] []
[2024-09-15T22:38:24.828865+02:00] app.DEBUG: Traitement du véhicule 0 : Vehicule Object (     [id:Vehicule:private] => 1     [type_id:Vehicule:private] => 2     [marque:Vehicule:private] => Tesla     [modele:Vehicule:private] => Model S     [numero_serie:Vehicule:private] => 5YJSA1E26JF123456     [couleur:Vehicule:private] => 5YJSA1E26JF123456     [immatriculation:Vehicule:private] => Blanc     [kilometres:Vehicule:private] => 123     [date_achat:Vehicule:private] => 5000     [prix_achat:Vehicule:private] => 2023     [categorie:Vehicule:private] => 80000     [tarif_journalier:Vehicule:private] =>      [is_available:Vehicule:private] =>  )  [] []
[2024-09-15T22:38:24.828882+02:00] app.WARNING: L'image n'existe pas : https://extranet.emotionipssi.com/public/images/vehicules/1.jpg [] []
[2024-09-15T22:38:24.829125+02:00] app.DEBUG: Nombre de véhicules affichés : 1 [] []
[2024-09-15T22:38:24.829150+02:00] app.DEBUG: Nombre de véhicules affichés : 1 [] []
[2024-09-15T22:38:24.829161+02:00] app.INFO: Contenu de la vue capturé, longueur : 1422 [] []
[2024-09-15T22:38:24.829174+02:00] app.INFO: Utilisation du layout : /var/www/html/e-motion/controller/../views/layouts/main.php [] []
[2024-09-15T22:38:24.829194+02:00] app.DEBUG: Recherche de l'utilisateur par ID: 1 [] []
[2024-09-15T22:38:24.829419+02:00] app.DEBUG: Utilisateur trouvé par ID: 1 [] []
[2024-09-15T22:38:24.829477+02:00] app.INFO: Fin du rendu de la vue : home [] []
[2024-09-15T22:38:24.829495+02:00] app.DEBUG: Fin de la méthode index() [] []
[2024-09-15T22:38:27.328345+02:00] app.INFO: BaseController initialized [] []
[2024-09-15T22:38:27.328475+02:00] app.INFO: BaseController initialized [] []
[2024-09-15T22:38:27.329115+02:00] app.INFO: Début du rendu de la vue : vehicules/index [] []
[2024-09-15T22:38:27.329157+02:00] app.INFO: Chemin de la vue : /var/www/html/e-motion/controller/../views/vehicules/index.php [] []
[2024-09-15T22:38:27.329577+02:00] app.INFO: Contenu de la vue capturé, longueur : 1288 [] []
[2024-09-15T22:38:27.329614+02:00] app.INFO: Utilisation du layout : /var/www/html/e-motion/controller/../views/layouts/main.php [] []
[2024-09-15T22:38:27.329638+02:00] app.DEBUG: Recherche de l'utilisateur par ID: 1 [] []
[2024-09-15T22:38:27.329895+02:00] app.DEBUG: Utilisateur trouvé par ID: 1 [] []
[2024-09-15T22:38:27.329958+02:00] app.INFO: Fin du rendu de la vue : vehicules/index [] []
[2024-09-15T22:38:28.669291+02:00] app.INFO: BaseController initialized [] []
[2024-09-15T22:38:28.669462+02:00] app.INFO: BaseController initialized [] []
[2024-09-15T22:38:28.672144+02:00] app.INFO: Début du rendu de la vue : vehicules/show [] []
[2024-09-15T22:38:28.672203+02:00] app.INFO: Chemin de la vue : /var/www/html/e-motion/controller/../views/vehicules/show.php [] []
[2024-09-15T22:38:28.673467+02:00] app.INFO: Contenu de la vue capturé, longueur : 1213 [] []
[2024-09-15T22:38:28.673516+02:00] app.INFO: Utilisation du layout : /var/www/html/e-motion/controller/../views/layouts/main.php [] []
[2024-09-15T22:38:28.673541+02:00] app.DEBUG: Recherche de l'utilisateur par ID: 1 [] []
[2024-09-15T22:38:28.673975+02:00] app.DEBUG: Utilisateur trouvé par ID: 1 [] []
[2024-09-15T22:38:28.674058+02:00] app.INFO: Fin du rendu de la vue : vehicules/show [] []
[2024-09-15T22:38:33.165230+02:00] app.INFO: BaseController initialized [] []
[2024-09-15T22:38:33.165328+02:00] app.INFO: Accès à la page de locations autorisé. [] []
[2024-09-15T22:38:33.165375+02:00] app.INFO: BaseController initialized [] []
[2024-09-15T22:38:33.179488+02:00] app.INFO: BaseController initialized [] []
[2024-09-15T22:38:33.179586+02:00] app.ERROR: Page non trouvée dans /var/www/html/e-motion/index.php à la ligne 110 [] []
[2024-09-15T22:38:34.712566+02:00] app.INFO: BaseController initialized [] []
[2024-09-15T22:38:34.712699+02:00] app.INFO: BaseController initialized [] []
[2024-09-15T22:38:34.713620+02:00] app.INFO: Début du rendu de la vue : vehicules/show [] []
[2024-09-15T22:38:34.713671+02:00] app.INFO: Chemin de la vue : /var/www/html/e-motion/controller/../views/vehicules/show.php [] []
[2024-09-15T22:38:34.714030+02:00] app.INFO: Contenu de la vue capturé, longueur : 1213 [] []
[2024-09-15T22:38:34.714062+02:00] app.INFO: Utilisation du layout : /var/www/html/e-motion/controller/../views/layouts/main.php [] []
[2024-09-15T22:38:34.714085+02:00] app.DEBUG: Recherche de l'utilisateur par ID: 1 [] []
[2024-09-15T22:38:34.714337+02:00] app.DEBUG: Utilisateur trouvé par ID: 1 [] []
[2024-09-15T22:38:34.714405+02:00] app.INFO: Fin du rendu de la vue : vehicules/show [] []
[2024-09-16T12:22:54.804937+02:00] app.INFO: BaseController initialized [] []
[2024-09-16T12:22:54.824029+02:00] app.INFO: BaseController initialized [] []
[2024-09-16T12:22:54.824071+02:00] app.DEBUG: Début de la méthode index() [] []
[2024-09-16T12:22:54.824082+02:00] app.DEBUG: Connexion à la base de données vérifiée [] []
[2024-09-16T12:22:54.824091+02:00] app.DEBUG: Tentative de récupération des véhicules récents [] []
[2024-09-16T12:22:54.824098+02:00] app.DEBUG: Tentative de récupération des véhicules récents [] []
[2024-09-16T12:22:54.856673+02:00] app.INFO: Véhicules récents récupérés avec succès {"count":1} []
[2024-09-16T12:22:54.856726+02:00] app.DEBUG: Véhicule valide récupéré {"index":0,"id":1,"marque":"Tesla","modele":"Model S"} []
[2024-09-16T12:22:54.856754+02:00] app.INFO: Nombre de véhicules valides : 1 [] []
[2024-09-16T12:22:54.856769+02:00] app.DEBUG: Véhicules récents récupérés {"count":1} []
[2024-09-16T12:22:54.856782+02:00] app.DEBUG: Vérification du véhicule {"index":0,"is_object":true,"class":"Vehicule","has_getId":true} []
[2024-09-16T12:22:54.856794+02:00] app.DEBUG: Tentative de récupération des offres actives [] []
[2024-09-16T12:22:54.872533+02:00] app.INFO: Offres actives récupérées avec succès {"count":0} []
[2024-09-16T12:22:54.872645+02:00] app.DEBUG: Offres actives récupérées {"count":0} []
[2024-09-16T12:22:54.872665+02:00] app.DEBUG: Appel de la méthode render() [] []
[2024-09-16T12:22:54.872681+02:00] app.INFO: Début du rendu de la vue : home [] []
[2024-09-16T12:22:54.872702+02:00] app.INFO: Chemin de la vue : /var/www/html/e-motion/controller/../views/home.php [] []
[2024-09-16T12:22:54.873532+02:00] app.DEBUG: Type de recentVehicules : array [] []
[2024-09-16T12:22:54.873580+02:00] app.DEBUG: Nombre de véhicules récents : 1 [] []
[2024-09-16T12:22:54.873601+02:00] app.DEBUG: Traitement du véhicule 0 : Vehicule Object (     [id:Vehicule:private] => 1     [type_id:Vehicule:private] => 2     [marque:Vehicule:private] => Tesla     [modele:Vehicule:private] => Model S     [numero_serie:Vehicule:private] => 5YJSA1E26JF123456     [couleur:Vehicule:private] => 5YJSA1E26JF123456     [immatriculation:Vehicule:private] => Blanc     [kilometres:Vehicule:private] => 123     [date_achat:Vehicule:private] => 5000     [prix_achat:Vehicule:private] => 2023     [categorie:Vehicule:private] => 80000     [tarif_journalier:Vehicule:private] =>      [is_available:Vehicule:private] =>  )  [] []
[2024-09-16T12:22:54.874498+02:00] app.WARNING: L'image n'existe pas : https://extranet.emotionipssi.com/public/images/vehicules/1.jpg [] []
[2024-09-16T12:22:54.890270+02:00] app.DEBUG: Nombre de véhicules affichés : 1 [] []
[2024-09-16T12:22:54.890355+02:00] app.DEBUG: Nombre de véhicules affichés : 1 [] []
[2024-09-16T12:22:54.890377+02:00] app.INFO: Contenu de la vue capturé, longueur : 1422 [] []
[2024-09-16T12:22:54.891675+02:00] app.INFO: Utilisation du layout : /var/www/html/e-motion/controller/../views/layouts/main.php [] []
[2024-09-16T12:22:54.896510+02:00] app.INFO: Fin du rendu de la vue : home [] []
[2024-09-16T12:22:54.896615+02:00] app.DEBUG: Fin de la méthode index() [] []
[2024-09-16T12:23:15.589580+02:00] app.INFO: BaseController initialized [] []
[2024-09-16T12:23:15.590879+02:00] app.INFO: BaseController initialized [] []
[2024-09-16T12:23:15.593332+02:00] app.INFO: Début du rendu de la vue : vehicules/index [] []
[2024-09-16T12:23:15.593373+02:00] app.INFO: Chemin de la vue : /var/www/html/e-motion/controller/../views/vehicules/index.php [] []
[2024-09-16T12:23:15.594996+02:00] app.INFO: Contenu de la vue capturé, longueur : 1288 [] []
[2024-09-16T12:23:15.595032+02:00] app.INFO: Utilisation du layout : /var/www/html/e-motion/controller/../views/layouts/main.php [] []
[2024-09-16T12:23:15.595091+02:00] app.INFO: Fin du rendu de la vue : vehicules/index [] []
[2024-09-16T12:23:16.589469+02:00] app.INFO: BaseController initialized [] []
[2024-09-16T12:23:16.589605+02:00] app.INFO: BaseController initialized [] []
[2024-09-16T12:23:16.589623+02:00] app.DEBUG: Début de la méthode index() [] []
[2024-09-16T12:23:16.589633+02:00] app.DEBUG: Connexion à la base de données vérifiée [] []
[2024-09-16T12:23:16.589641+02:00] app.DEBUG: Tentative de récupération des véhicules récents [] []
[2024-09-16T12:23:16.589648+02:00] app.DEBUG: Tentative de récupération des véhicules récents [] []
[2024-09-16T12:23:16.590611+02:00] app.INFO: Véhicules récents récupérés avec succès {"count":1} []
[2024-09-16T12:23:16.590641+02:00] app.DEBUG: Véhicule valide récupéré {"index":0,"id":1,"marque":"Tesla","modele":"Model S"} []
[2024-09-16T12:23:16.590653+02:00] app.INFO: Nombre de véhicules valides : 1 [] []
[2024-09-16T12:23:16.590662+02:00] app.DEBUG: Véhicules récents récupérés {"count":1} []
[2024-09-16T12:23:16.590678+02:00] app.DEBUG: Vérification du véhicule {"index":0,"is_object":true,"class":"Vehicule","has_getId":true} []
[2024-09-16T12:23:16.590686+02:00] app.DEBUG: Tentative de récupération des offres actives [] []
[2024-09-16T12:23:16.591053+02:00] app.INFO: Offres actives récupérées avec succès {"count":0} []
[2024-09-16T12:23:16.591078+02:00] app.DEBUG: Offres actives récupérées {"count":0} []
[2024-09-16T12:23:16.591088+02:00] app.DEBUG: Appel de la méthode render() [] []
[2024-09-16T12:23:16.591097+02:00] app.INFO: Début du rendu de la vue : home [] []
[2024-09-16T12:23:16.591108+02:00] app.INFO: Chemin de la vue : /var/www/html/e-motion/controller/../views/home.php [] []
[2024-09-16T12:23:16.591129+02:00] app.DEBUG: Type de recentVehicules : array [] []
[2024-09-16T12:23:16.591137+02:00] app.DEBUG: Nombre de véhicules récents : 1 [] []
[2024-09-16T12:23:16.591148+02:00] app.DEBUG: Traitement du véhicule 0 : Vehicule Object (     [id:Vehicule:private] => 1     [type_id:Vehicule:private] => 2     [marque:Vehicule:private] => Tesla     [modele:Vehicule:private] => Model S     [numero_serie:Vehicule:private] => 5YJSA1E26JF123456     [couleur:Vehicule:private] => 5YJSA1E26JF123456     [immatriculation:Vehicule:private] => Blanc     [kilometres:Vehicule:private] => 123     [date_achat:Vehicule:private] => 5000     [prix_achat:Vehicule:private] => 2023     [categorie:Vehicule:private] => 80000     [tarif_journalier:Vehicule:private] =>      [is_available:Vehicule:private] =>  )  [] []
[2024-09-16T12:23:16.591165+02:00] app.WARNING: L'image n'existe pas : https://extranet.emotionipssi.com/public/images/vehicules/1.jpg [] []
[2024-09-16T12:23:16.591655+02:00] app.DEBUG: Nombre de véhicules affichés : 1 [] []
[2024-09-16T12:23:16.591677+02:00] app.DEBUG: Nombre de véhicules affichés : 1 [] []
[2024-09-16T12:23:16.591688+02:00] app.INFO: Contenu de la vue capturé, longueur : 1422 [] []
[2024-09-16T12:23:16.591702+02:00] app.INFO: Utilisation du layout : /var/www/html/e-motion/controller/../views/layouts/main.php [] []
[2024-09-16T12:23:16.591725+02:00] app.INFO: Fin du rendu de la vue : home [] []
[2024-09-16T12:23:16.591733+02:00] app.DEBUG: Fin de la méthode index() [] []
[2024-09-16T12:23:19.182333+02:00] app.INFO: BaseController initialized [] []
[2024-09-16T12:23:19.182460+02:00] app.INFO: BaseController initialized [] []
[2024-09-16T12:23:19.184048+02:00] app.INFO: Début du rendu de la vue : vehicules/index [] []
[2024-09-16T12:23:19.184112+02:00] app.INFO: Chemin de la vue : /var/www/html/e-motion/controller/../views/vehicules/index.php [] []
[2024-09-16T12:23:19.184973+02:00] app.INFO: Contenu de la vue capturé, longueur : 1288 [] []
[2024-09-16T12:23:19.185007+02:00] app.INFO: Utilisation du layout : /var/www/html/e-motion/controller/../views/layouts/main.php [] []
[2024-09-16T12:23:19.185039+02:00] app.INFO: Fin du rendu de la vue : vehicules/index [] []
[2024-09-16T12:23:21.539305+02:00] app.INFO: BaseController initialized [] []
[2024-09-16T12:23:21.539464+02:00] app.INFO: BaseController initialized [] []
[2024-09-16T12:23:21.543394+02:00] app.INFO: Début du rendu de la vue : vehicules/show [] []
[2024-09-16T12:23:21.543459+02:00] app.INFO: Chemin de la vue : /var/www/html/e-motion/controller/../views/vehicules/show.php [] []
[2024-09-16T12:23:21.544915+02:00] app.INFO: Contenu de la vue capturé, longueur : 848 [] []
[2024-09-16T12:23:21.544978+02:00] app.INFO: Utilisation du layout : /var/www/html/e-motion/controller/../views/layouts/main.php [] []
[2024-09-16T12:23:21.545018+02:00] app.INFO: Fin du rendu de la vue : vehicules/show [] []
[2024-09-16T12:23:24.548623+02:00] app.INFO: BaseController initialized [] []
[2024-09-16T12:23:24.548741+02:00] app.INFO: BaseController initialized [] []
[2024-09-16T12:23:24.548757+02:00] app.DEBUG: Début de la méthode index() [] []
[2024-09-16T12:23:24.548765+02:00] app.DEBUG: Connexion à la base de données vérifiée [] []
[2024-09-16T12:23:24.548772+02:00] app.DEBUG: Tentative de récupération des véhicules récents [] []
[2024-09-16T12:23:24.548786+02:00] app.DEBUG: Tentative de récupération des véhicules récents [] []
[2024-09-16T12:23:24.550518+02:00] app.INFO: Véhicules récents récupérés avec succès {"count":1} []
[2024-09-16T12:23:24.550549+02:00] app.DEBUG: Véhicule valide récupéré {"index":0,"id":1,"marque":"Tesla","modele":"Model S"} []
[2024-09-16T12:23:24.550560+02:00] app.INFO: Nombre de véhicules valides : 1 [] []
[2024-09-16T12:23:24.550568+02:00] app.DEBUG: Véhicules récents récupérés {"count":1} []
[2024-09-16T12:23:24.550576+02:00] app.DEBUG: Vérification du véhicule {"index":0,"is_object":true,"class":"Vehicule","has_getId":true} []
[2024-09-16T12:23:24.550584+02:00] app.DEBUG: Tentative de récupération des offres actives [] []
[2024-09-16T12:23:24.551716+02:00] app.INFO: Offres actives récupérées avec succès {"count":0} []
[2024-09-16T12:23:24.551749+02:00] app.DEBUG: Offres actives récupérées {"count":0} []
[2024-09-16T12:23:24.551778+02:00] app.DEBUG: Appel de la méthode render() [] []
[2024-09-16T12:23:24.551789+02:00] app.INFO: Début du rendu de la vue : home [] []
[2024-09-16T12:23:24.551801+02:00] app.INFO: Chemin de la vue : /var/www/html/e-motion/controller/../views/home.php [] []
[2024-09-16T12:23:24.551847+02:00] app.DEBUG: Type de recentVehicules : array [] []
[2024-09-16T12:23:24.551855+02:00] app.DEBUG: Nombre de véhicules récents : 1 [] []
[2024-09-16T12:23:24.551868+02:00] app.DEBUG: Traitement du véhicule 0 : Vehicule Object (     [id:Vehicule:private] => 1     [type_id:Vehicule:private] => 2     [marque:Vehicule:private] => Tesla     [modele:Vehicule:private] => Model S     [numero_serie:Vehicule:private] => 5YJSA1E26JF123456     [couleur:Vehicule:private] => 5YJSA1E26JF123456     [immatriculation:Vehicule:private] => Blanc     [kilometres:Vehicule:private] => 123     [date_achat:Vehicule:private] => 5000     [prix_achat:Vehicule:private] => 2023     [categorie:Vehicule:private] => 80000     [tarif_journalier:Vehicule:private] =>      [is_available:Vehicule:private] =>  )  [] []
[2024-09-16T12:23:24.551886+02:00] app.WARNING: L'image n'existe pas : https://extranet.emotionipssi.com/public/images/vehicules/1.jpg [] []
[2024-09-16T12:23:24.552390+02:00] app.DEBUG: Nombre de véhicules affichés : 1 [] []
[2024-09-16T12:23:24.552412+02:00] app.DEBUG: Nombre de véhicules affichés : 1 [] []
[2024-09-16T12:23:24.552423+02:00] app.INFO: Contenu de la vue capturé, longueur : 1422 [] []
[2024-09-16T12:23:24.552437+02:00] app.INFO: Utilisation du layout : /var/www/html/e-motion/controller/../views/layouts/main.php [] []
[2024-09-16T12:23:24.552466+02:00] app.INFO: Fin du rendu de la vue : home [] []
[2024-09-16T12:23:24.552474+02:00] app.DEBUG: Fin de la méthode index() [] []
[2024-09-16T12:23:25.236501+02:00] app.INFO: BaseController initialized [] []
[2024-09-16T12:23:25.236639+02:00] app.INFO: Début du rendu de la vue : auth/login [] []
[2024-09-16T12:23:25.236657+02:00] app.INFO: Chemin de la vue : /var/www/html/e-motion/controller/../views/auth/login.php [] []
[2024-09-16T12:23:25.238819+02:00] app.INFO: Contenu de la vue capturé, longueur : 1607 [] []
[2024-09-16T12:23:25.238864+02:00] app.INFO: Utilisation du layout : /var/www/html/e-motion/controller/../views/layouts/main.php [] []
[2024-09-16T12:23:25.238895+02:00] app.INFO: Fin du rendu de la vue : auth/login [] []
[2024-09-16T12:24:06.478183+02:00] app.INFO: BaseController initialized [] []
[2024-09-16T12:24:06.478360+02:00] app.DEBUG: Tentative d'authentification pour: username_admin [] []
[2024-09-16T12:24:06.478375+02:00] app.DEBUG: Recherche de l'utilisateur par nom d'utilisateur: username_admin [] []
[2024-09-16T12:24:06.484873+02:00] app.DEBUG: Aucun utilisateur trouvé pour le nom d'utilisateur: username_admin [] []
[2024-09-16T12:24:06.484966+02:00] app.DEBUG: Utilisateur non trouvé [] []
[2024-09-16T12:24:06.485025+02:00] app.INFO: Début du rendu de la vue : auth/login [] []
[2024-09-16T12:24:06.485042+02:00] app.INFO: Chemin de la vue : /var/www/html/e-motion/controller/../views/auth/login.php [] []
[2024-09-16T12:24:06.485123+02:00] app.INFO: Contenu de la vue capturé, longueur : 1744 [] []
[2024-09-16T12:24:06.485137+02:00] app.INFO: Utilisation du layout : /var/www/html/e-motion/controller/../views/layouts/main.php [] []
[2024-09-16T12:24:06.485170+02:00] app.INFO: Fin du rendu de la vue : auth/login [] []
[2024-09-16T12:24:18.832552+02:00] app.INFO: BaseController initialized [] []
[2024-09-16T12:24:18.832760+02:00] app.DEBUG: Tentative d'authentification pour: admin_username [] []
[2024-09-16T12:24:18.832781+02:00] app.DEBUG: Recherche de l'utilisateur par nom d'utilisateur: admin_username [] []
[2024-09-16T12:24:18.837343+02:00] app.DEBUG: Utilisateur trouvé par nom d'utilisateur: admin_username [] []
[2024-09-16T12:24:18.837496+02:00] app.DEBUG: Utilisateur trouvé, vérification du mot de passe [] []
[2024-09-16T12:24:18.912000+02:00] app.DEBUG: Mot de passe vérifié avec succès [] []
[2024-09-16T12:24:18.937810+02:00] app.INFO: BaseController initialized [] []
[2024-09-16T12:24:18.938681+02:00] app.INFO: BaseController initialized [] []
[2024-09-16T12:24:18.938764+02:00] app.DEBUG: Début de la méthode index() [] []
[2024-09-16T12:24:18.938784+02:00] app.DEBUG: Connexion à la base de données vérifiée [] []
[2024-09-16T12:24:18.938799+02:00] app.DEBUG: Tentative de récupération des véhicules récents [] []
[2024-09-16T12:24:18.938818+02:00] app.DEBUG: Tentative de récupération des véhicules récents [] []
[2024-09-16T12:24:18.939651+02:00] app.INFO: Véhicules récents récupérés avec succès {"count":1} []
[2024-09-16T12:24:18.939692+02:00] app.DEBUG: Véhicule valide récupéré {"index":0,"id":1,"marque":"Tesla","modele":"Model S"} []
[2024-09-16T12:24:18.939707+02:00] app.INFO: Nombre de véhicules valides : 1 [] []
[2024-09-16T12:24:18.939719+02:00] app.DEBUG: Véhicules récents récupérés {"count":1} []
[2024-09-16T12:24:18.939732+02:00] app.DEBUG: Vérification du véhicule {"index":0,"is_object":true,"class":"Vehicule","has_getId":true} []
[2024-09-16T12:24:18.939742+02:00] app.DEBUG: Tentative de récupération des offres actives [] []
[2024-09-16T12:24:18.940241+02:00] app.INFO: Offres actives récupérées avec succès {"count":0} []
[2024-09-16T12:24:18.940281+02:00] app.DEBUG: Offres actives récupérées {"count":0} []
[2024-09-16T12:24:18.940300+02:00] app.DEBUG: Recherche de l'utilisateur par ID: 1 [] []
[2024-09-16T12:24:18.940506+02:00] app.DEBUG: Utilisateur trouvé par ID: 1 [] []
[2024-09-16T12:24:18.940529+02:00] app.DEBUG: Appel de la méthode render() [] []
[2024-09-16T12:24:18.940541+02:00] app.INFO: Début du rendu de la vue : home [] []
[2024-09-16T12:24:18.940554+02:00] app.INFO: Chemin de la vue : /var/www/html/e-motion/controller/../views/home.php [] []
[2024-09-16T12:24:18.940586+02:00] app.DEBUG: Type de recentVehicules : array [] []
[2024-09-16T12:24:18.940594+02:00] app.DEBUG: Nombre de véhicules récents : 1 [] []
[2024-09-16T12:24:18.940606+02:00] app.DEBUG: Traitement du véhicule 0 : Vehicule Object (     [id:Vehicule:private] => 1     [type_id:Vehicule:private] => 2     [marque:Vehicule:private] => Tesla     [modele:Vehicule:private] => Model S     [numero_serie:Vehicule:private] => 5YJSA1E26JF123456     [couleur:Vehicule:private] => 5YJSA1E26JF123456     [immatriculation:Vehicule:private] => Blanc     [kilometres:Vehicule:private] => 123     [date_achat:Vehicule:private] => 5000     [prix_achat:Vehicule:private] => 2023     [categorie:Vehicule:private] => 80000     [tarif_journalier:Vehicule:private] =>      [is_available:Vehicule:private] =>  )  [] []
[2024-09-16T12:24:18.940625+02:00] app.WARNING: L'image n'existe pas : https://extranet.emotionipssi.com/public/images/vehicules/1.jpg [] []
[2024-09-16T12:24:18.940954+02:00] app.DEBUG: Nombre de véhicules affichés : 1 [] []
[2024-09-16T12:24:18.940975+02:00] app.DEBUG: Nombre de véhicules affichés : 1 [] []
[2024-09-16T12:24:18.940986+02:00] app.INFO: Contenu de la vue capturé, longueur : 1422 [] []
[2024-09-16T12:24:18.940999+02:00] app.INFO: Utilisation du layout : /var/www/html/e-motion/controller/../views/layouts/main.php [] []
[2024-09-16T12:24:18.941029+02:00] app.DEBUG: Recherche de l'utilisateur par ID: 1 [] []
[2024-09-16T12:24:18.941868+02:00] app.DEBUG: Utilisateur trouvé par ID: 1 [] []
[2024-09-16T12:24:18.941925+02:00] app.INFO: Fin du rendu de la vue : home [] []
[2024-09-16T12:24:18.941936+02:00] app.DEBUG: Fin de la méthode index() [] []
[2024-09-16T12:24:23.234500+02:00] app.INFO: BaseController initialized [] []
[2024-09-16T12:24:23.234744+02:00] app.INFO: Accès à la page de locations autorisé. [] []
[2024-09-16T12:24:23.238811+02:00] app.INFO: BaseController initialized [] []
[2024-09-16T12:24:23.238940+02:00] app.DEBUG: Recherche de l'utilisateur par ID: 1 [] []
[2024-09-16T12:24:23.240780+02:00] app.DEBUG: Utilisateur trouvé par ID: 1 [] []
[2024-09-16T12:24:23.245363+02:00] app.INFO: Début du rendu de la vue : rentals/index [] []
[2024-09-16T12:24:23.245521+02:00] app.INFO: Chemin de la vue : /var/www/html/e-motion/controller/../views/rentals/index.php [] []
[2024-09-16T12:24:23.247656+02:00] app.INFO: Contenu de la vue capturé, longueur : 976 [] []
[2024-09-16T12:24:23.247785+02:00] app.INFO: Utilisation du layout : /var/www/html/e-motion/controller/../views/layouts/main.php [] []
[2024-09-16T12:24:23.247829+02:00] app.DEBUG: Recherche de l'utilisateur par ID: 1 [] []
[2024-09-16T12:24:23.249195+02:00] app.DEBUG: Utilisateur trouvé par ID: 1 [] []
[2024-09-16T12:24:23.249309+02:00] app.INFO: Fin du rendu de la vue : rentals/index [] []
[2024-09-16T12:24:28.443786+02:00] app.INFO: BaseController initialized [] []
[2024-09-16T12:24:28.450833+02:00] app.INFO: Connexion à la base de données établie avec succès [] []
[2024-09-16T12:24:28.451630+02:00] app.INFO: Accès à la page d'accueil de l'administration [] []
[2024-09-16T12:24:28.452011+02:00] app.INFO: Accès au tableau de bord administrateur [] []
[2024-09-16T12:24:28.459285+02:00] app.DEBUG: Statistiques récupérées pour le tableau de bord {"totalVehicules":1,"totalUsers":1,"totalRentals":0,"totalRevenue":0} []
[2024-09-16T12:24:28.459410+02:00] app.INFO: Début du rendu de la vue : admin/dashboard [] []
[2024-09-16T12:24:28.459441+02:00] app.INFO: Chemin de la vue : /var/www/html/e-motion/controller/../views/admin/dashboard.php [] []
[2024-09-16T12:24:28.461012+02:00] app.INFO: Contenu de la vue capturé, longueur : 4227 [] []
[2024-09-16T12:24:28.461088+02:00] app.INFO: Utilisation du layout : /var/www/html/e-motion/controller/../views/layouts/main.php [] []
[2024-09-16T12:24:28.461124+02:00] app.DEBUG: Recherche de l'utilisateur par ID: 1 [] []
[2024-09-16T12:24:28.461961+02:00] app.DEBUG: Utilisateur trouvé par ID: 1 [] []
[2024-09-16T12:24:28.462096+02:00] app.INFO: Fin du rendu de la vue : admin/dashboard [] []
[2024-09-16T12:24:35.830126+02:00] app.INFO: BaseController initialized [] []
[2024-09-16T12:24:35.830319+02:00] app.INFO: Connexion à la base de données établie avec succès [] []
[2024-09-16T12:24:35.830369+02:00] app.INFO: Début de la méthode manageUsers [] []
[2024-09-16T12:24:35.830824+02:00] app.DEBUG: Paramètres de filtrage {"page":1,"search":"","role":"","sortBy":"id","sortOrder":"ASC"} []
[2024-09-16T12:24:35.832786+02:00] app.DEBUG: Utilisateurs récupérés avec succès {"count":1} []
[2024-09-16T12:24:35.833013+02:00] app.INFO: Début du rendu de la vue : admin/manageUsers [] []
[2024-09-16T12:24:35.833095+02:00] app.INFO: Chemin de la vue : /var/www/html/e-motion/controller/../views/admin/manageUsers.php [] []
[2024-09-16T12:24:35.834776+02:00] app.INFO: Contenu de la vue capturé, longueur : 4074 [] []
[2024-09-16T12:24:35.834811+02:00] app.INFO: Utilisation du layout : /var/www/html/e-motion/controller/../views/layouts/main.php [] []
[2024-09-16T12:24:35.834836+02:00] app.DEBUG: Recherche de l'utilisateur par ID: 1 [] []
[2024-09-16T12:24:35.835085+02:00] app.DEBUG: Utilisateur trouvé par ID: 1 [] []
[2024-09-16T12:24:35.835151+02:00] app.INFO: Fin du rendu de la vue : admin/manageUsers [] []
[2024-09-16T12:24:35.835167+02:00] app.INFO: Fin de la méthode manageUsers [] []
[2024-09-16T12:24:39.028459+02:00] app.INFO: BaseController initialized [] []
[2024-09-16T12:24:39.028639+02:00] app.INFO: Connexion à la base de données établie avec succès [] []
[2024-09-16T12:24:39.028680+02:00] app.INFO: Accès à la page d'accueil de l'administration [] []
[2024-09-16T12:24:39.029070+02:00] app.INFO: Accès au tableau de bord administrateur [] []
[2024-09-16T12:24:39.030731+02:00] app.DEBUG: Statistiques récupérées pour le tableau de bord {"totalVehicules":1,"totalUsers":1,"totalRentals":0,"totalRevenue":0} []
[2024-09-16T12:24:39.030765+02:00] app.INFO: Début du rendu de la vue : admin/dashboard [] []
[2024-09-16T12:24:39.030796+02:00] app.INFO: Chemin de la vue : /var/www/html/e-motion/controller/../views/admin/dashboard.php [] []
[2024-09-16T12:24:39.030841+02:00] app.INFO: Contenu de la vue capturé, longueur : 4227 [] []
[2024-09-16T12:24:39.030857+02:00] app.INFO: Utilisation du layout : /var/www/html/e-motion/controller/../views/layouts/main.php [] []
[2024-09-16T12:24:39.030878+02:00] app.DEBUG: Recherche de l'utilisateur par ID: 1 [] []
[2024-09-16T12:24:39.031154+02:00] app.DEBUG: Utilisateur trouvé par ID: 1 [] []
[2024-09-16T12:24:39.031208+02:00] app.INFO: Fin du rendu de la vue : admin/dashboard [] []
[2024-09-16T12:24:40.619278+02:00] app.INFO: BaseController initialized [] []
[2024-09-16T12:24:40.619439+02:00] app.INFO: Connexion à la base de données établie avec succès [] []
[2024-09-16T12:24:40.619479+02:00] app.INFO: Accès au formulaire de création d'offre [] []
[2024-09-16T12:24:40.620138+02:00] app.INFO: Début du rendu de la vue : admin/createOffer [] []
[2024-09-16T12:24:40.620178+02:00] app.INFO: Chemin de la vue : /var/www/html/e-motion/controller/../views/admin/createOffer.php [] []
[2024-09-16T12:24:40.621882+02:00] app.INFO: Contenu de la vue capturé, longueur : 1500 [] []
[2024-09-16T12:24:40.621926+02:00] app.INFO: Utilisation du layout : /var/www/html/e-motion/controller/../views/layouts/main.php [] []
[2024-09-16T12:24:40.621951+02:00] app.DEBUG: Recherche de l'utilisateur par ID: 1 [] []
[2024-09-16T12:24:40.622180+02:00] app.DEBUG: Utilisateur trouvé par ID: 1 [] []
[2024-09-16T12:24:40.622228+02:00] app.INFO: Fin du rendu de la vue : admin/createOffer [] []
[2024-09-16T12:24:44.793933+02:00] app.INFO: BaseController initialized [] []
[2024-09-16T12:24:44.794444+02:00] app.INFO: Connexion à la base de données établie avec succès [] []
[2024-09-16T12:24:44.794515+02:00] app.INFO: Accès à la page d'accueil de l'administration [] []
[2024-09-16T12:24:44.794777+02:00] app.INFO: Accès au tableau de bord administrateur [] []
[2024-09-16T12:24:44.795750+02:00] app.DEBUG: Statistiques récupérées pour le tableau de bord {"totalVehicules":1,"totalUsers":1,"totalRentals":0,"totalRevenue":0} []
[2024-09-16T12:24:44.795790+02:00] app.INFO: Début du rendu de la vue : admin/dashboard [] []
[2024-09-16T12:24:44.795809+02:00] app.INFO: Chemin de la vue : /var/www/html/e-motion/controller/../views/admin/dashboard.php [] []
[2024-09-16T12:24:44.795867+02:00] app.INFO: Contenu de la vue capturé, longueur : 4227 [] []
[2024-09-16T12:24:44.795883+02:00] app.INFO: Utilisation du layout : /var/www/html/e-motion/controller/../views/layouts/main.php [] []
[2024-09-16T12:24:44.795903+02:00] app.DEBUG: Recherche de l'utilisateur par ID: 1 [] []
[2024-09-16T12:24:44.796042+02:00] app.DEBUG: Utilisateur trouvé par ID: 1 [] []
[2024-09-16T12:24:44.796086+02:00] app.INFO: Fin du rendu de la vue : admin/dashboard [] []
[2024-09-16T12:24:46.287213+02:00] app.INFO: BaseController initialized [] []
[2024-09-16T12:24:46.287392+02:00] app.INFO: Connexion à la base de données établie avec succès [] []
[2024-09-16T12:24:46.287435+02:00] app.INFO: Accès au formulaire d'ajout de véhicule [] []
[2024-09-16T12:24:46.287879+02:00] app.INFO: Début du rendu de la vue : admin/addVehicule [] []
[2024-09-16T12:24:46.287949+02:00] app.INFO: Chemin de la vue : /var/www/html/e-motion/controller/../views/admin/addVehicule.php [] []
[2024-09-16T12:24:46.290237+02:00] app.INFO: Contenu de la vue capturé, longueur : 2700 [] []
[2024-09-16T12:24:46.290335+02:00] app.INFO: Utilisation du layout : /var/www/html/e-motion/controller/../views/layouts/main.php [] []
[2024-09-16T12:24:46.290371+02:00] app.DEBUG: Recherche de l'utilisateur par ID: 1 [] []
[2024-09-16T12:24:46.291166+02:00] app.DEBUG: Utilisateur trouvé par ID: 1 [] []
[2024-09-16T12:24:46.291292+02:00] app.INFO: Fin du rendu de la vue : admin/addVehicule [] []
[2024-09-16T12:24:48.029624+02:00] app.INFO: BaseController initialized [] []
[2024-09-16T12:24:48.029787+02:00] app.INFO: Accès à la page de locations autorisé. [] []
[2024-09-16T12:24:48.029881+02:00] app.INFO: BaseController initialized [] []
[2024-09-16T12:24:48.029914+02:00] app.DEBUG: Recherche de l'utilisateur par ID: 1 [] []
[2024-09-16T12:24:48.030460+02:00] app.DEBUG: Utilisateur trouvé par ID: 1 [] []
[2024-09-16T12:24:48.030934+02:00] app.INFO: Début du rendu de la vue : rentals/index [] []
[2024-09-16T12:24:48.030971+02:00] app.INFO: Chemin de la vue : /var/www/html/e-motion/controller/../views/rentals/index.php [] []
[2024-09-16T12:24:48.031024+02:00] app.INFO: Contenu de la vue capturé, longueur : 976 [] []
[2024-09-16T12:24:48.031039+02:00] app.INFO: Utilisation du layout : /var/www/html/e-motion/controller/../views/layouts/main.php [] []
[2024-09-16T12:24:48.031063+02:00] app.DEBUG: Recherche de l'utilisateur par ID: 1 [] []
[2024-09-16T12:24:48.031242+02:00] app.DEBUG: Utilisateur trouvé par ID: 1 [] []
[2024-09-16T12:24:48.031301+02:00] app.INFO: Fin du rendu de la vue : rentals/index [] []
[2024-09-16T12:24:49.287237+02:00] app.INFO: BaseController initialized [] []
[2024-09-16T12:24:49.287417+02:00] app.INFO: BaseController initialized [] []
[2024-09-16T12:24:49.287927+02:00] app.INFO: Début du rendu de la vue : vehicules/index [] []
[2024-09-16T12:24:49.287961+02:00] app.INFO: Chemin de la vue : /var/www/html/e-motion/controller/../views/vehicules/index.php [] []
[2024-09-16T12:24:49.288309+02:00] app.INFO: Contenu de la vue capturé, longueur : 1288 [] []
[2024-09-16T12:24:49.288343+02:00] app.INFO: Utilisation du layout : /var/www/html/e-motion/controller/../views/layouts/main.php [] []
[2024-09-16T12:24:49.288364+02:00] app.DEBUG: Recherche de l'utilisateur par ID: 1 [] []
[2024-09-16T12:24:49.288666+02:00] app.DEBUG: Utilisateur trouvé par ID: 1 [] []
[2024-09-16T12:24:49.288735+02:00] app.INFO: Fin du rendu de la vue : vehicules/index [] []
[2024-09-16T12:24:50.516887+02:00] app.INFO: BaseController initialized [] []
[2024-09-16T12:24:50.517084+02:00] app.INFO: BaseController initialized [] []
[2024-09-16T12:24:50.518022+02:00] app.INFO: Début du rendu de la vue : vehicules/show [] []
[2024-09-16T12:24:50.518082+02:00] app.INFO: Chemin de la vue : /var/www/html/e-motion/controller/../views/vehicules/show.php [] []
[2024-09-16T12:24:50.518540+02:00] app.INFO: Contenu de la vue capturé, longueur : 1213 [] []
[2024-09-16T12:24:50.518593+02:00] app.INFO: Utilisation du layout : /var/www/html/e-motion/controller/../views/layouts/main.php [] []
[2024-09-16T12:24:50.518625+02:00] app.DEBUG: Recherche de l'utilisateur par ID: 1 [] []
[2024-09-16T12:24:50.518848+02:00] app.DEBUG: Utilisateur trouvé par ID: 1 [] []
[2024-09-16T12:24:50.518914+02:00] app.INFO: Fin du rendu de la vue : vehicules/show [] []
[2024-09-16T12:24:51.991629+02:00] app.INFO: BaseController initialized [] []
[2024-09-16T12:24:51.991738+02:00] app.INFO: Accès à la page de locations autorisé. [] []
[2024-09-16T12:24:51.991780+02:00] app.INFO: BaseController initialized [] []
[2024-09-16T12:24:52.013170+02:00] app.INFO: BaseController initialized [] []
[2024-09-16T12:24:52.013310+02:00] app.ERROR: Page non trouvée dans /var/www/html/e-motion/index.php à la ligne 110 [] []
[2024-09-16T12:24:54.162632+02:00] app.INFO: BaseController initialized [] []
[2024-09-16T12:24:54.162788+02:00] app.INFO: BaseController initialized [] []
[2024-09-16T12:24:54.163807+02:00] app.INFO: Début du rendu de la vue : vehicules/show [] []
[2024-09-16T12:24:54.163853+02:00] app.INFO: Chemin de la vue : /var/www/html/e-motion/controller/../views/vehicules/show.php [] []
[2024-09-16T12:24:54.164191+02:00] app.INFO: Contenu de la vue capturé, longueur : 1213 [] []
[2024-09-16T12:24:54.164222+02:00] app.INFO: Utilisation du layout : /var/www/html/e-motion/controller/../views/layouts/main.php [] []
[2024-09-16T12:24:54.164245+02:00] app.DEBUG: Recherche de l'utilisateur par ID: 1 [] []
[2024-09-16T12:24:54.164543+02:00] app.DEBUG: Utilisateur trouvé par ID: 1 [] []
[2024-09-16T12:24:54.164609+02:00] app.INFO: Fin du rendu de la vue : vehicules/show [] []
[2024-09-16T12:24:56.870803+02:00] app.INFO: BaseController initialized [] []
[2024-09-16T12:24:56.870925+02:00] app.INFO: BaseController initialized [] []
[2024-09-16T12:24:56.870943+02:00] app.DEBUG: Début de la méthode index() [] []
[2024-09-16T12:24:56.870952+02:00] app.DEBUG: Connexion à la base de données vérifiée [] []
[2024-09-16T12:24:56.870959+02:00] app.DEBUG: Tentative de récupération des véhicules récents [] []
[2024-09-16T12:24:56.870966+02:00] app.DEBUG: Tentative de récupération des véhicules récents [] []
[2024-09-16T12:24:56.871335+02:00] app.INFO: Véhicules récents récupérés avec succès {"count":1} []
[2024-09-16T12:24:56.871362+02:00] app.DEBUG: Véhicule valide récupéré {"index":0,"id":1,"marque":"Tesla","modele":"Model S"} []
[2024-09-16T12:24:56.871373+02:00] app.INFO: Nombre de véhicules valides : 1 [] []
[2024-09-16T12:24:56.871382+02:00] app.DEBUG: Véhicules récents récupérés {"count":1} []
[2024-09-16T12:24:56.871391+02:00] app.DEBUG: Vérification du véhicule {"index":0,"is_object":true,"class":"Vehicule","has_getId":true} []
[2024-09-16T12:24:56.871399+02:00] app.DEBUG: Tentative de récupération des offres actives [] []
[2024-09-16T12:24:56.871577+02:00] app.INFO: Offres actives récupérées avec succès {"count":0} []
[2024-09-16T12:24:56.871593+02:00] app.DEBUG: Offres actives récupérées {"count":0} []
[2024-09-16T12:24:56.871606+02:00] app.DEBUG: Recherche de l'utilisateur par ID: 1 [] []
[2024-09-16T12:24:56.871741+02:00] app.DEBUG: Utilisateur trouvé par ID: 1 [] []
[2024-09-16T12:24:56.871759+02:00] app.DEBUG: Appel de la méthode render() [] []
[2024-09-16T12:24:56.871769+02:00] app.INFO: Début du rendu de la vue : home [] []
[2024-09-16T12:24:56.871781+02:00] app.INFO: Chemin de la vue : /var/www/html/e-motion/controller/../views/home.php [] []
[2024-09-16T12:24:56.871851+02:00] app.DEBUG: Type de recentVehicules : array [] []
[2024-09-16T12:24:56.871866+02:00] app.DEBUG: Nombre de véhicules récents : 1 [] []
[2024-09-16T12:24:56.871879+02:00] app.DEBUG: Traitement du véhicule 0 : Vehicule Object (     [id:Vehicule:private] => 1     [type_id:Vehicule:private] => 2     [marque:Vehicule:private] => Tesla     [modele:Vehicule:private] => Model S     [numero_serie:Vehicule:private] => 5YJSA1E26JF123456     [couleur:Vehicule:private] => 5YJSA1E26JF123456     [immatriculation:Vehicule:private] => Blanc     [kilometres:Vehicule:private] => 123     [date_achat:Vehicule:private] => 5000     [prix_achat:Vehicule:private] => 2023     [categorie:Vehicule:private] => 80000     [tarif_journalier:Vehicule:private] =>      [is_available:Vehicule:private] =>  )  [] []
[2024-09-16T12:24:56.871933+02:00] app.WARNING: L'image n'existe pas : https://extranet.emotionipssi.com/public/images/vehicules/1.jpg [] []
[2024-09-16T12:24:56.872057+02:00] app.DEBUG: Nombre de véhicules affichés : 1 [] []
[2024-09-16T12:24:56.872070+02:00] app.DEBUG: Nombre de véhicules affichés : 1 [] []
[2024-09-16T12:24:56.872080+02:00] app.INFO: Contenu de la vue capturé, longueur : 1422 [] []
[2024-09-16T12:24:56.872092+02:00] app.INFO: Utilisation du layout : /var/www/html/e-motion/controller/../views/layouts/main.php [] []
[2024-09-16T12:24:56.872106+02:00] app.DEBUG: Recherche de l'utilisateur par ID: 1 [] []
[2024-09-16T12:24:56.872195+02:00] app.DEBUG: Utilisateur trouvé par ID: 1 [] []
[2024-09-16T12:24:56.872229+02:00] app.INFO: Fin du rendu de la vue : home [] []
[2024-09-16T12:24:56.872246+02:00] app.DEBUG: Fin de la méthode index() [] []
[2024-09-16T12:25:00.165870+02:00] app.INFO: BaseController initialized [] []
[2024-09-16T12:25:00.166048+02:00] app.INFO: BaseController initialized [] []
[2024-09-16T12:25:00.166586+02:00] app.INFO: Début du rendu de la vue : vehicules/index [] []
[2024-09-16T12:25:00.166616+02:00] app.INFO: Chemin de la vue : /var/www/html/e-motion/controller/../views/vehicules/index.php [] []
[2024-09-16T12:25:00.166801+02:00] app.INFO: Contenu de la vue capturé, longueur : 1288 [] []
[2024-09-16T12:25:00.166824+02:00] app.INFO: Utilisation du layout : /var/www/html/e-motion/controller/../views/layouts/main.php [] []
[2024-09-16T12:25:00.166854+02:00] app.DEBUG: Recherche de l'utilisateur par ID: 1 [] []
[2024-09-16T12:25:00.166996+02:00] app.DEBUG: Utilisateur trouvé par ID: 1 [] []
[2024-09-16T12:25:00.167047+02:00] app.INFO: Fin du rendu de la vue : vehicules/index [] []
[2024-09-16T12:25:01.515733+02:00] app.INFO: BaseController initialized [] []
[2024-09-16T12:25:01.515851+02:00] app.INFO: BaseController initialized [] []
[2024-09-16T12:25:01.516408+02:00] app.INFO: Début du rendu de la vue : vehicules/show [] []
[2024-09-16T12:25:01.516439+02:00] app.INFO: Chemin de la vue : /var/www/html/e-motion/controller/../views/vehicules/show.php [] []
[2024-09-16T12:25:01.516567+02:00] app.INFO: Contenu de la vue capturé, longueur : 1213 [] []
[2024-09-16T12:25:01.516583+02:00] app.INFO: Utilisation du layout : /var/www/html/e-motion/controller/../views/layouts/main.php [] []
[2024-09-16T12:25:01.516599+02:00] app.DEBUG: Recherche de l'utilisateur par ID: 1 [] []
[2024-09-16T12:25:01.516697+02:00] app.DEBUG: Utilisateur trouvé par ID: 1 [] []
[2024-09-16T12:25:01.516732+02:00] app.INFO: Fin du rendu de la vue : vehicules/show [] []
[2024-09-16T12:25:04.953556+02:00] app.INFO: BaseController initialized [] []
[2024-09-16T12:25:04.953688+02:00] app.INFO: BaseController initialized [] []
[2024-09-16T12:25:04.953710+02:00] app.DEBUG: Recherche de l'utilisateur par ID: 1 [] []
[2024-09-16T12:25:04.954013+02:00] app.DEBUG: Utilisateur trouvé par ID: 1 [] []
[2024-09-16T12:25:04.954244+02:00] app.INFO: Début du rendu de la vue : errors/404 [] []
[2024-09-16T12:25:04.954264+02:00] app.INFO: Chemin de la vue : /var/www/html/e-motion/controller/../views/errors/404.php [] []
[2024-09-16T12:25:04.954299+02:00] app.ERROR: Erreur lors du rendu de la vue: Vue non trouvée : errors/404 {"file":"/var/www/html/e-motion/controller/BaseController.php","line":42,"trace":"#0 /var/www/html/e-motion/controller/BaseController.php(152): BaseController->render()\n#1 /var/www/html/e-motion/controller/VehiculeController.php(51): BaseController->renderError()\n#2 /var/www/html/e-motion/index.php(154): VehiculeController->edit()\n#3 {main}"} []
[2024-09-16T12:25:07.336464+02:00] app.INFO: BaseController initialized [] []
[2024-09-16T12:25:07.336589+02:00] app.INFO: BaseController initialized [] []
[2024-09-16T12:25:07.337092+02:00] app.INFO: Début du rendu de la vue : vehicules/show [] []
[2024-09-16T12:25:07.337124+02:00] app.INFO: Chemin de la vue : /var/www/html/e-motion/controller/../views/vehicules/show.php [] []
[2024-09-16T12:25:07.337254+02:00] app.INFO: Contenu de la vue capturé, longueur : 1213 [] []
[2024-09-16T12:25:07.337275+02:00] app.INFO: Utilisation du layout : /var/www/html/e-motion/controller/../views/layouts/main.php [] []
[2024-09-16T12:25:07.337294+02:00] app.DEBUG: Recherche de l'utilisateur par ID: 1 [] []
[2024-09-16T12:25:07.337405+02:00] app.DEBUG: Utilisateur trouvé par ID: 1 [] []
[2024-09-16T12:25:07.337455+02:00] app.INFO: Fin du rendu de la vue : vehicules/show [] []
[2024-09-16T12:25:18.443435+02:00] app.INFO: BaseController initialized [] []
[2024-09-16T12:25:18.443573+02:00] app.INFO: BaseController initialized [] []
[2024-09-16T12:25:18.443591+02:00] app.DEBUG: Début de la méthode index() [] []
[2024-09-16T12:25:18.443601+02:00] app.DEBUG: Connexion à la base de données vérifiée [] []
[2024-09-16T12:25:18.443609+02:00] app.DEBUG: Tentative de récupération des véhicules récents [] []
[2024-09-16T12:25:18.443628+02:00] app.DEBUG: Tentative de récupération des véhicules récents [] []
[2024-09-16T12:25:18.443985+02:00] app.INFO: Véhicules récents récupérés avec succès {"count":1} []
[2024-09-16T12:25:18.444012+02:00] app.DEBUG: Véhicule valide récupéré {"index":0,"id":1,"marque":"Tesla","modele":"Model S"} []
[2024-09-16T12:25:18.444023+02:00] app.INFO: Nombre de véhicules valides : 1 [] []
[2024-09-16T12:25:18.444032+02:00] app.DEBUG: Véhicules récents récupérés {"count":1} []
[2024-09-16T12:25:18.444040+02:00] app.DEBUG: Vérification du véhicule {"index":0,"is_object":true,"class":"Vehicule","has_getId":true} []
[2024-09-16T12:25:18.444048+02:00] app.DEBUG: Tentative de récupération des offres actives [] []
[2024-09-16T12:25:18.444200+02:00] app.INFO: Offres actives récupérées avec succès {"count":0} []
[2024-09-16T12:25:18.444219+02:00] app.DEBUG: Offres actives récupérées {"count":0} []
[2024-09-16T12:25:18.444232+02:00] app.DEBUG: Recherche de l'utilisateur par ID: 1 [] []
[2024-09-16T12:25:18.444372+02:00] app.DEBUG: Utilisateur trouvé par ID: 1 [] []
[2024-09-16T12:25:18.444392+02:00] app.DEBUG: Appel de la méthode render() [] []
[2024-09-16T12:25:18.444403+02:00] app.INFO: Début du rendu de la vue : home [] []
[2024-09-16T12:25:18.444415+02:00] app.INFO: Chemin de la vue : /var/www/html/e-motion/controller/../views/home.php [] []
[2024-09-16T12:25:18.444442+02:00] app.DEBUG: Type de recentVehicules : array [] []
[2024-09-16T12:25:18.444450+02:00] app.DEBUG: Nombre de véhicules récents : 1 [] []
[2024-09-16T12:25:18.444470+02:00] app.DEBUG: Traitement du véhicule 0 : Vehicule Object (     [id:Vehicule:private] => 1     [type_id:Vehicule:private] => 2     [marque:Vehicule:private] => Tesla     [modele:Vehicule:private] => Model S     [numero_serie:Vehicule:private] => 5YJSA1E26JF123456     [couleur:Vehicule:private] => 5YJSA1E26JF123456     [immatriculation:Vehicule:private] => Blanc     [kilometres:Vehicule:private] => 123     [date_achat:Vehicule:private] => 5000     [prix_achat:Vehicule:private] => 2023     [categorie:Vehicule:private] => 80000     [tarif_journalier:Vehicule:private] =>      [is_available:Vehicule:private] =>  )  [] []
[2024-09-16T12:25:18.444487+02:00] app.WARNING: L'image n'existe pas : https://extranet.emotionipssi.com/public/images/vehicules/1.jpg [] []
[2024-09-16T12:25:18.444599+02:00] app.DEBUG: Nombre de véhicules affichés : 1 [] []
[2024-09-16T12:25:18.444614+02:00] app.DEBUG: Nombre de véhicules affichés : 1 [] []
[2024-09-16T12:25:18.444624+02:00] app.INFO: Contenu de la vue capturé, longueur : 1422 [] []
[2024-09-16T12:25:18.444635+02:00] app.INFO: Utilisation du layout : /var/www/html/e-motion/controller/../views/layouts/main.php [] []
[2024-09-16T12:25:18.444652+02:00] app.DEBUG: Recherche de l'utilisateur par ID: 1 [] []
[2024-09-16T12:25:18.444754+02:00] app.DEBUG: Utilisateur trouvé par ID: 1 [] []
[2024-09-16T12:25:18.444788+02:00] app.INFO: Fin du rendu de la vue : home [] []
[2024-09-16T12:25:18.444797+02:00] app.DEBUG: Fin de la méthode index() [] []
[2024-09-16T12:25:23.530771+02:00] app.INFO: BaseController initialized [] []
[2024-09-16T12:25:23.530905+02:00] app.INFO: BaseController initialized [] []
[2024-09-16T12:25:23.530921+02:00] app.DEBUG: Début de la méthode index() [] []
[2024-09-16T12:25:23.530930+02:00] app.DEBUG: Connexion à la base de données vérifiée [] []
[2024-09-16T12:25:23.530937+02:00] app.DEBUG: Tentative de récupération des véhicules récents [] []
[2024-09-16T12:25:23.530944+02:00] app.DEBUG: Tentative de récupération des véhicules récents [] []
[2024-09-16T12:25:23.531482+02:00] app.INFO: Véhicules récents récupérés avec succès {"count":1} []
[2024-09-16T12:25:23.531539+02:00] app.DEBUG: Véhicule valide récupéré {"index":0,"id":1,"marque":"Tesla","modele":"Model S"} []
[2024-09-16T12:25:23.531552+02:00] app.INFO: Nombre de véhicules valides : 1 [] []
[2024-09-16T12:25:23.531561+02:00] app.DEBUG: Véhicules récents récupérés {"count":1} []
[2024-09-16T12:25:23.531584+02:00] app.DEBUG: Vérification du véhicule {"index":0,"is_object":true,"class":"Vehicule","has_getId":true} []
[2024-09-16T12:25:23.531593+02:00] app.DEBUG: Tentative de récupération des offres actives [] []
[2024-09-16T12:25:23.531990+02:00] app.INFO: Offres actives récupérées avec succès {"count":0} []
[2024-09-16T12:25:23.532032+02:00] app.DEBUG: Offres actives récupérées {"count":0} []
[2024-09-16T12:25:23.532048+02:00] app.DEBUG: Recherche de l'utilisateur par ID: 1 [] []
[2024-09-16T12:25:23.532330+02:00] app.DEBUG: Utilisateur trouvé par ID: 1 [] []
[2024-09-16T12:25:23.532376+02:00] app.DEBUG: Appel de la méthode render() [] []
[2024-09-16T12:25:23.532396+02:00] app.INFO: Début du rendu de la vue : home [] []
[2024-09-16T12:25:23.532414+02:00] app.INFO: Chemin de la vue : /var/www/html/e-motion/controller/../views/home.php [] []
[2024-09-16T12:25:23.532445+02:00] app.DEBUG: Type de recentVehicules : array [] []
[2024-09-16T12:25:23.532452+02:00] app.DEBUG: Nombre de véhicules récents : 1 [] []
[2024-09-16T12:25:23.532464+02:00] app.DEBUG: Traitement du véhicule 0 : Vehicule Object (     [id:Vehicule:private] => 1     [type_id:Vehicule:private] => 2     [marque:Vehicule:private] => Tesla     [modele:Vehicule:private] => Model S     [numero_serie:Vehicule:private] => 5YJSA1E26JF123456     [couleur:Vehicule:private] => 5YJSA1E26JF123456     [immatriculation:Vehicule:private] => Blanc     [kilometres:Vehicule:private] => 123     [date_achat:Vehicule:private] => 5000     [prix_achat:Vehicule:private] => 2023     [categorie:Vehicule:private] => 80000     [tarif_journalier:Vehicule:private] =>      [is_available:Vehicule:private] =>  )  [] []
[2024-09-16T12:25:23.532483+02:00] app.WARNING: L'image n'existe pas : https://extranet.emotionipssi.com/public/images/vehicules/1.jpg [] []
[2024-09-16T12:25:23.532887+02:00] app.DEBUG: Nombre de véhicules affichés : 1 [] []
[2024-09-16T12:25:23.532916+02:00] app.DEBUG: Nombre de véhicules affichés : 1 [] []
[2024-09-16T12:25:23.532931+02:00] app.INFO: Contenu de la vue capturé, longueur : 1422 [] []
[2024-09-16T12:25:23.532948+02:00] app.INFO: Utilisation du layout : /var/www/html/e-motion/controller/../views/layouts/main.php [] []
[2024-09-16T12:25:23.532980+02:00] app.DEBUG: Recherche de l'utilisateur par ID: 1 [] []
[2024-09-16T12:25:23.533201+02:00] app.DEBUG: Utilisateur trouvé par ID: 1 [] []
[2024-09-16T12:25:23.533264+02:00] app.INFO: Fin du rendu de la vue : home [] []
[2024-09-16T12:25:23.533281+02:00] app.DEBUG: Fin de la méthode index() [] []
[2024-09-16T12:25:26.721529+02:00] app.INFO: BaseController initialized [] []
[2024-09-16T12:25:26.721684+02:00] app.INFO: BaseController initialized [] []
[2024-09-16T12:25:26.722115+02:00] app.INFO: Début du rendu de la vue : vehicules/index [] []
[2024-09-16T12:25:26.722153+02:00] app.INFO: Chemin de la vue : /var/www/html/e-motion/controller/../views/vehicules/index.php [] []
[2024-09-16T12:25:26.722307+02:00] app.INFO: Contenu de la vue capturé, longueur : 1288 [] []
[2024-09-16T12:25:26.722329+02:00] app.INFO: Utilisation du layout : /var/www/html/e-motion/controller/../views/layouts/main.php [] []
[2024-09-16T12:25:26.722350+02:00] app.DEBUG: Recherche de l'utilisateur par ID: 1 [] []
[2024-09-16T12:25:26.722574+02:00] app.DEBUG: Utilisateur trouvé par ID: 1 [] []
[2024-09-16T12:25:26.722617+02:00] app.INFO: Fin du rendu de la vue : vehicules/index [] []
[2024-09-16T12:25:27.735026+02:00] app.INFO: BaseController initialized [] []
[2024-09-16T12:25:27.735121+02:00] app.INFO: Accès à la page de locations autorisé. [] []
[2024-09-16T12:25:27.735164+02:00] app.INFO: BaseController initialized [] []
[2024-09-16T12:25:27.735198+02:00] app.DEBUG: Recherche de l'utilisateur par ID: 1 [] []
[2024-09-16T12:25:27.735724+02:00] app.DEBUG: Utilisateur trouvé par ID: 1 [] []
[2024-09-16T12:25:27.736669+02:00] app.INFO: Début du rendu de la vue : rentals/index [] []
[2024-09-16T12:25:27.736705+02:00] app.INFO: Chemin de la vue : /var/www/html/e-motion/controller/../views/rentals/index.php [] []
[2024-09-16T12:25:27.736767+02:00] app.INFO: Contenu de la vue capturé, longueur : 976 [] []
[2024-09-16T12:25:27.736779+02:00] app.INFO: Utilisation du layout : /var/www/html/e-motion/controller/../views/layouts/main.php [] []
[2024-09-16T12:25:27.736795+02:00] app.DEBUG: Recherche de l'utilisateur par ID: 1 [] []
[2024-09-16T12:25:27.737129+02:00] app.DEBUG: Utilisateur trouvé par ID: 1 [] []
[2024-09-16T12:25:27.737212+02:00] app.INFO: Fin du rendu de la vue : rentals/index [] []
[2024-09-16T12:25:28.428918+02:00] app.INFO: BaseController initialized [] []
[2024-09-16T12:25:28.429229+02:00] app.INFO: Connexion à la base de données établie avec succès [] []
[2024-09-16T12:25:28.429289+02:00] app.INFO: Accès à la page d'accueil de l'administration [] []
[2024-09-16T12:25:28.429539+02:00] app.INFO: Accès au tableau de bord administrateur [] []
[2024-09-16T12:25:28.430859+02:00] app.DEBUG: Statistiques récupérées pour le tableau de bord {"totalVehicules":1,"totalUsers":1,"totalRentals":0,"totalRevenue":0} []
[2024-09-16T12:25:28.430929+02:00] app.INFO: Début du rendu de la vue : admin/dashboard [] []
[2024-09-16T12:25:28.430958+02:00] app.INFO: Chemin de la vue : /var/www/html/e-motion/controller/../views/admin/dashboard.php [] []
[2024-09-16T12:25:28.431034+02:00] app.INFO: Contenu de la vue capturé, longueur : 4227 [] []
[2024-09-16T12:25:28.431088+02:00] app.INFO: Utilisation du layout : /var/www/html/e-motion/controller/../views/layouts/main.php [] []
[2024-09-16T12:25:28.431122+02:00] app.DEBUG: Recherche de l'utilisateur par ID: 1 [] []
[2024-09-16T12:25:28.431368+02:00] app.DEBUG: Utilisateur trouvé par ID: 1 [] []
[2024-09-16T12:25:28.431458+02:00] app.INFO: Fin du rendu de la vue : admin/dashboard [] []
[2024-09-16T12:25:29.592433+02:00] app.INFO: BaseController initialized [] []
[2024-09-16T12:25:29.592551+02:00] app.INFO: BaseController initialized [] []
[2024-09-16T12:25:29.592568+02:00] app.DEBUG: Début de la méthode index() [] []
[2024-09-16T12:25:29.592576+02:00] app.DEBUG: Connexion à la base de données vérifiée [] []
[2024-09-16T12:25:29.592583+02:00] app.DEBUG: Tentative de récupération des véhicules récents [] []
[2024-09-16T12:25:29.592590+02:00] app.DEBUG: Tentative de récupération des véhicules récents [] []
[2024-09-16T12:25:29.592941+02:00] app.INFO: Véhicules récents récupérés avec succès {"count":1} []
[2024-09-16T12:25:29.592967+02:00] app.DEBUG: Véhicule valide récupéré {"index":0,"id":1,"marque":"Tesla","modele":"Model S"} []
[2024-09-16T12:25:29.592978+02:00] app.INFO: Nombre de véhicules valides : 1 [] []
[2024-09-16T12:25:29.592986+02:00] app.DEBUG: Véhicules récents récupérés {"count":1} []
[2024-09-16T12:25:29.592994+02:00] app.DEBUG: Vérification du véhicule {"index":0,"is_object":true,"class":"Vehicule","has_getId":true} []
[2024-09-16T12:25:29.593002+02:00] app.DEBUG: Tentative de récupération des offres actives [] []
[2024-09-16T12:25:29.593323+02:00] app.INFO: Offres actives récupérées avec succès {"count":0} []
[2024-09-16T12:25:29.593350+02:00] app.DEBUG: Offres actives récupérées {"count":0} []
[2024-09-16T12:25:29.593365+02:00] app.DEBUG: Recherche de l'utilisateur par ID: 1 [] []
[2024-09-16T12:25:29.593681+02:00] app.DEBUG: Utilisateur trouvé par ID: 1 [] []
[2024-09-16T12:25:29.593735+02:00] app.DEBUG: Appel de la méthode render() [] []
[2024-09-16T12:25:29.593756+02:00] app.INFO: Début du rendu de la vue : home [] []
[2024-09-16T12:25:29.593770+02:00] app.INFO: Chemin de la vue : /var/www/html/e-motion/controller/../views/home.php [] []
[2024-09-16T12:25:29.593800+02:00] app.DEBUG: Type de recentVehicules : array [] []
[2024-09-16T12:25:29.593808+02:00] app.DEBUG: Nombre de véhicules récents : 1 [] []
[2024-09-16T12:25:29.593821+02:00] app.DEBUG: Traitement du véhicule 0 : Vehicule Object (     [id:Vehicule:private] => 1     [type_id:Vehicule:private] => 2     [marque:Vehicule:private] => Tesla     [modele:Vehicule:private] => Model S     [numero_serie:Vehicule:private] => 5YJSA1E26JF123456     [couleur:Vehicule:private] => 5YJSA1E26JF123456     [immatriculation:Vehicule:private] => Blanc     [kilometres:Vehicule:private] => 123     [date_achat:Vehicule:private] => 5000     [prix_achat:Vehicule:private] => 2023     [categorie:Vehicule:private] => 80000     [tarif_journalier:Vehicule:private] =>      [is_available:Vehicule:private] =>  )  [] []
[2024-09-16T12:25:29.593848+02:00] app.WARNING: L'image n'existe pas : https://extranet.emotionipssi.com/public/images/vehicules/1.jpg [] []
[2024-09-16T12:25:29.594178+02:00] app.DEBUG: Nombre de véhicules affichés : 1 [] []
[2024-09-16T12:25:29.594204+02:00] app.DEBUG: Nombre de véhicules affichés : 1 [] []
[2024-09-16T12:25:29.594217+02:00] app.INFO: Contenu de la vue capturé, longueur : 1422 [] []
[2024-09-16T12:25:29.594231+02:00] app.INFO: Utilisation du layout : /var/www/html/e-motion/controller/../views/layouts/main.php [] []
[2024-09-16T12:25:29.594251+02:00] app.DEBUG: Recherche de l'utilisateur par ID: 1 [] []
[2024-09-16T12:25:29.594375+02:00] app.DEBUG: Utilisateur trouvé par ID: 1 [] []
[2024-09-16T12:25:29.594411+02:00] app.INFO: Fin du rendu de la vue : home [] []
[2024-09-16T12:25:29.594420+02:00] app.DEBUG: Fin de la méthode index() [] []
[2024-09-16T12:25:34.433677+02:00] app.INFO: BaseController initialized [] []
[2024-09-16T12:25:34.433895+02:00] app.INFO: BaseController initialized [] []
[2024-09-16T12:25:34.434775+02:00] app.INFO: Début du rendu de la vue : vehicules/index [] []
[2024-09-16T12:25:34.434838+02:00] app.INFO: Chemin de la vue : /var/www/html/e-motion/controller/../views/vehicules/index.php [] []
[2024-09-16T12:25:34.435085+02:00] app.INFO: Contenu de la vue capturé, longueur : 1288 [] []
[2024-09-16T12:25:34.435130+02:00] app.INFO: Utilisation du layout : /var/www/html/e-motion/controller/../views/layouts/main.php [] []
[2024-09-16T12:25:34.435161+02:00] app.DEBUG: Recherche de l'utilisateur par ID: 1 [] []
[2024-09-16T12:25:34.435353+02:00] app.DEBUG: Utilisateur trouvé par ID: 1 [] []
[2024-09-16T12:25:34.435408+02:00] app.INFO: Fin du rendu de la vue : vehicules/index [] []
[2024-09-16T12:25:36.561996+02:00] app.INFO: BaseController initialized [] []
[2024-09-16T12:25:36.562101+02:00] app.INFO: Accès à la page de locations autorisé. [] []
[2024-09-16T12:25:36.562146+02:00] app.INFO: BaseController initialized [] []
[2024-09-16T12:25:36.562164+02:00] app.DEBUG: Recherche de l'utilisateur par ID: 1 [] []
[2024-09-16T12:25:36.562836+02:00] app.DEBUG: Utilisateur trouvé par ID: 1 [] []
[2024-09-16T12:25:36.563458+02:00] app.INFO: Début du rendu de la vue : rentals/index [] []
[2024-09-16T12:25:36.563501+02:00] app.INFO: Chemin de la vue : /var/www/html/e-motion/controller/../views/rentals/index.php [] []
[2024-09-16T12:25:36.563549+02:00] app.INFO: Contenu de la vue capturé, longueur : 976 [] []
[2024-09-16T12:25:36.563561+02:00] app.INFO: Utilisation du layout : /var/www/html/e-motion/controller/../views/layouts/main.php [] []
[2024-09-16T12:25:36.563578+02:00] app.DEBUG: Recherche de l'utilisateur par ID: 1 [] []
[2024-09-16T12:25:36.563831+02:00] app.DEBUG: Utilisateur trouvé par ID: 1 [] []
[2024-09-16T12:25:36.563905+02:00] app.INFO: Fin du rendu de la vue : rentals/index [] []
[2024-09-16T12:25:37.627739+02:00] app.INFO: BaseController initialized [] []
[2024-09-16T12:25:37.627860+02:00] app.INFO: BaseController initialized [] []
[2024-09-16T12:25:37.627877+02:00] app.DEBUG: Début de la méthode index() [] []
[2024-09-16T12:25:37.627887+02:00] app.DEBUG: Connexion à la base de données vérifiée [] []
[2024-09-16T12:25:37.627894+02:00] app.DEBUG: Tentative de récupération des véhicules récents [] []
[2024-09-16T12:25:37.627902+02:00] app.DEBUG: Tentative de récupération des véhicules récents [] []
[2024-09-16T12:25:37.628362+02:00] app.INFO: Véhicules récents récupérés avec succès {"count":1} []
[2024-09-16T12:25:37.628398+02:00] app.DEBUG: Véhicule valide récupéré {"index":0,"id":1,"marque":"Tesla","modele":"Model S"} []
[2024-09-16T12:25:37.628409+02:00] app.INFO: Nombre de véhicules valides : 1 [] []
[2024-09-16T12:25:37.628423+02:00] app.DEBUG: Véhicules récents récupérés {"count":1} []
[2024-09-16T12:25:37.628430+02:00] app.DEBUG: Vérification du véhicule {"index":0,"is_object":true,"class":"Vehicule","has_getId":true} []
[2024-09-16T12:25:37.628439+02:00] app.DEBUG: Tentative de récupération des offres actives [] []
[2024-09-16T12:25:37.628788+02:00] app.INFO: Offres actives récupérées avec succès {"count":0} []
[2024-09-16T12:25:37.628824+02:00] app.DEBUG: Offres actives récupérées {"count":0} []
[2024-09-16T12:25:37.628839+02:00] app.DEBUG: Recherche de l'utilisateur par ID: 1 [] []
[2024-09-16T12:25:37.629089+02:00] app.DEBUG: Utilisateur trouvé par ID: 1 [] []
[2024-09-16T12:25:37.629136+02:00] app.DEBUG: Appel de la méthode render() [] []
[2024-09-16T12:25:37.629158+02:00] app.INFO: Début du rendu de la vue : home [] []
[2024-09-16T12:25:37.629174+02:00] app.INFO: Chemin de la vue : /var/www/html/e-motion/controller/../views/home.php [] []
[2024-09-16T12:25:37.629196+02:00] app.DEBUG: Type de recentVehicules : array [] []
[2024-09-16T12:25:37.629204+02:00] app.DEBUG: Nombre de véhicules récents : 1 [] []
[2024-09-16T12:25:37.629215+02:00] app.DEBUG: Traitement du véhicule 0 : Vehicule Object (     [id:Vehicule:private] => 1     [type_id:Vehicule:private] => 2     [marque:Vehicule:private] => Tesla     [modele:Vehicule:private] => Model S     [numero_serie:Vehicule:private] => 5YJSA1E26JF123456     [couleur:Vehicule:private] => 5YJSA1E26JF123456     [immatriculation:Vehicule:private] => Blanc     [kilometres:Vehicule:private] => 123     [date_achat:Vehicule:private] => 5000     [prix_achat:Vehicule:private] => 2023     [categorie:Vehicule:private] => 80000     [tarif_journalier:Vehicule:private] =>      [is_available:Vehicule:private] =>  )  [] []
[2024-09-16T12:25:37.629232+02:00] app.WARNING: L'image n'existe pas : https://extranet.emotionipssi.com/public/images/vehicules/1.jpg [] []
[2024-09-16T12:25:37.629475+02:00] app.DEBUG: Nombre de véhicules affichés : 1 [] []
[2024-09-16T12:25:37.629501+02:00] app.DEBUG: Nombre de véhicules affichés : 1 [] []
[2024-09-16T12:25:37.629512+02:00] app.INFO: Contenu de la vue capturé, longueur : 1422 [] []
[2024-09-16T12:25:37.629527+02:00] app.INFO: Utilisation du layout : /var/www/html/e-motion/controller/../views/layouts/main.php [] []
[2024-09-16T12:25:37.629544+02:00] app.DEBUG: Recherche de l'utilisateur par ID: 1 [] []
[2024-09-16T12:25:37.629750+02:00] app.DEBUG: Utilisateur trouvé par ID: 1 [] []
[2024-09-16T12:25:37.629808+02:00] app.INFO: Fin du rendu de la vue : home [] []
[2024-09-16T12:25:37.629825+02:00] app.DEBUG: Fin de la méthode index() [] []
[2024-09-19T15:55:49.015372+02:00] app.INFO: BaseController initialized [] []
[2024-09-19T15:55:49.024543+02:00] app.INFO: BaseController initialized [] []
[2024-09-19T15:55:49.024602+02:00] app.DEBUG: Début de la méthode index() [] []
[2024-09-19T15:55:49.024618+02:00] app.DEBUG: Connexion à la base de données vérifiée [] []
[2024-09-19T15:55:49.024631+02:00] app.DEBUG: Tentative de récupération des véhicules récents [] []
[2024-09-19T15:55:49.024641+02:00] app.DEBUG: Tentative de récupération des véhicules récents [] []
[2024-09-19T15:55:49.053776+02:00] app.INFO: Véhicules récents récupérés avec succès {"count":1} []
[2024-09-19T15:55:49.053829+02:00] app.DEBUG: Véhicule valide récupéré {"index":0,"id":1,"marque":"Tesla","modele":"Model S"} []
[2024-09-19T15:55:49.053846+02:00] app.INFO: Nombre de véhicules valides : 1 [] []
[2024-09-19T15:55:49.053859+02:00] app.DEBUG: Véhicules récents récupérés {"count":1} []
[2024-09-19T15:55:49.053871+02:00] app.DEBUG: Vérification du véhicule {"index":0,"is_object":true,"class":"Vehicule","has_getId":true} []
[2024-09-19T15:55:49.053883+02:00] app.DEBUG: Tentative de récupération des offres actives [] []
[2024-09-19T15:55:49.069555+02:00] app.INFO: Offres actives récupérées avec succès {"count":0} []
[2024-09-19T15:55:49.069633+02:00] app.DEBUG: Offres actives récupérées {"count":0} []
[2024-09-19T15:55:49.069660+02:00] app.DEBUG: Appel de la méthode render() [] []
[2024-09-19T15:55:49.069678+02:00] app.INFO: Début du rendu de la vue : home [] []
[2024-09-19T15:55:49.069695+02:00] app.INFO: Chemin de la vue : /var/www/html/e-motion/controller/../views/home.php [] []
[2024-09-19T15:55:49.070583+02:00] app.DEBUG: Type de recentVehicules : array [] []
[2024-09-19T15:55:49.070612+02:00] app.DEBUG: Nombre de véhicules récents : 1 [] []
[2024-09-19T15:55:49.070628+02:00] app.DEBUG: Traitement du véhicule 0 : Vehicule Object (     [id:Vehicule:private] => 1     [type_id:Vehicule:private] => 2     [marque:Vehicule:private] => Tesla     [modele:Vehicule:private] => Model S     [numero_serie:Vehicule:private] => 5YJSA1E26JF123456     [couleur:Vehicule:private] => 5YJSA1E26JF123456     [immatriculation:Vehicule:private] => Blanc     [kilometres:Vehicule:private] => 123     [date_achat:Vehicule:private] => 5000     [prix_achat:Vehicule:private] => 2023     [categorie:Vehicule:private] => 80000     [tarif_journalier:Vehicule:private] =>      [is_available:Vehicule:private] =>  )  [] []
[2024-09-19T15:55:49.071561+02:00] app.WARNING: L'image n'existe pas : https://extranet.emotionipssi.com/public/images/vehicules/1.jpg [] []
[2024-09-19T15:55:49.074843+02:00] app.DEBUG: Nombre de véhicules affichés : 1 [] []
[2024-09-19T15:55:49.074886+02:00] app.DEBUG: Nombre de véhicules affichés : 1 [] []
[2024-09-19T15:55:49.074900+02:00] app.INFO: Contenu de la vue capturé, longueur : 1422 [] []
[2024-09-19T15:55:49.075189+02:00] app.INFO: Utilisation du layout : /var/www/html/e-motion/controller/../views/layouts/main.php [] []
[2024-09-19T15:55:49.075728+02:00] app.INFO: Fin du rendu de la vue : home [] []
[2024-09-19T15:55:49.075761+02:00] app.DEBUG: Fin de la méthode index() [] []
[2024-09-19T15:56:28.594821+02:00] app.INFO: BaseController initialized [] []
[2024-09-19T15:56:28.595315+02:00] app.INFO: Début du rendu de la vue : auth/login [] []
[2024-09-19T15:56:28.595344+02:00] app.INFO: Chemin de la vue : /var/www/html/e-motion/controller/../views/auth/login.php [] []
[2024-09-19T15:56:28.607975+02:00] app.INFO: Contenu de la vue capturé, longueur : 1607 [] []
[2024-09-19T15:56:28.608051+02:00] app.INFO: Utilisation du layout : /var/www/html/e-motion/controller/../views/layouts/main.php [] []
[2024-09-19T15:56:28.608120+02:00] app.INFO: Fin du rendu de la vue : auth/login [] []
[2024-09-19T15:57:05.184166+02:00] app.INFO: BaseController initialized [] []
[2024-09-19T15:57:05.184417+02:00] app.DEBUG: Tentative d'authentification pour: admin_username [] []
[2024-09-19T15:57:05.184438+02:00] app.DEBUG: Recherche de l'utilisateur par nom d'utilisateur: admin_username [] []
[2024-09-19T15:57:05.193476+02:00] app.DEBUG: Utilisateur trouvé par nom d'utilisateur: admin_username [] []
[2024-09-19T15:57:05.193561+02:00] app.DEBUG: Utilisateur trouvé, vérification du mot de passe [] []
[2024-09-19T15:57:05.247894+02:00] app.DEBUG: Mot de passe vérifié avec succès [] []
[2024-09-19T15:57:05.330145+02:00] app.INFO: BaseController initialized [] []
[2024-09-19T15:57:05.330266+02:00] app.INFO: BaseController initialized [] []
[2024-09-19T15:57:05.330284+02:00] app.DEBUG: Début de la méthode index() [] []
[2024-09-19T15:57:05.330292+02:00] app.DEBUG: Connexion à la base de données vérifiée [] []
[2024-09-19T15:57:05.330299+02:00] app.DEBUG: Tentative de récupération des véhicules récents [] []
[2024-09-19T15:57:05.330306+02:00] app.DEBUG: Tentative de récupération des véhicules récents [] []
[2024-09-19T15:57:05.331215+02:00] app.INFO: Véhicules récents récupérés avec succès {"count":1} []
[2024-09-19T15:57:05.331253+02:00] app.DEBUG: Véhicule valide récupéré {"index":0,"id":1,"marque":"Tesla","modele":"Model S"} []
[2024-09-19T15:57:05.331265+02:00] app.INFO: Nombre de véhicules valides : 1 [] []
[2024-09-19T15:57:05.331273+02:00] app.DEBUG: Véhicules récents récupérés {"count":1} []
[2024-09-19T15:57:05.331281+02:00] app.DEBUG: Vérification du véhicule {"index":0,"is_object":true,"class":"Vehicule","has_getId":true} []
[2024-09-19T15:57:05.331295+02:00] app.DEBUG: Tentative de récupération des offres actives [] []
[2024-09-19T15:57:05.332507+02:00] app.INFO: Offres actives récupérées avec succès {"count":0} []
[2024-09-19T15:57:05.332557+02:00] app.DEBUG: Offres actives récupérées {"count":0} []
[2024-09-19T15:57:05.332578+02:00] app.DEBUG: Recherche de l'utilisateur par ID: 1 [] []
[2024-09-19T15:57:05.333344+02:00] app.DEBUG: Utilisateur trouvé par ID: 1 [] []
[2024-09-19T15:57:05.333453+02:00] app.DEBUG: Appel de la méthode render() [] []
[2024-09-19T15:57:05.333495+02:00] app.INFO: Début du rendu de la vue : home [] []
[2024-09-19T15:57:05.333521+02:00] app.INFO: Chemin de la vue : /var/www/html/e-motion/controller/../views/home.php [] []
[2024-09-19T15:57:05.333605+02:00] app.DEBUG: Type de recentVehicules : array [] []
[2024-09-19T15:57:05.333630+02:00] app.DEBUG: Nombre de véhicules récents : 1 [] []
[2024-09-19T15:57:05.333648+02:00] app.DEBUG: Traitement du véhicule 0 : Vehicule Object (     [id:Vehicule:private] => 1     [type_id:Vehicule:private] => 2     [marque:Vehicule:private] => Tesla     [modele:Vehicule:private] => Model S     [numero_serie:Vehicule:private] => 5YJSA1E26JF123456     [couleur:Vehicule:private] => 5YJSA1E26JF123456     [immatriculation:Vehicule:private] => Blanc     [kilometres:Vehicule:private] => 123     [date_achat:Vehicule:private] => 5000     [prix_achat:Vehicule:private] => 2023     [categorie:Vehicule:private] => 80000     [tarif_journalier:Vehicule:private] =>      [is_available:Vehicule:private] =>  )  [] []
[2024-09-19T15:57:05.333684+02:00] app.WARNING: L'image n'existe pas : https://extranet.emotionipssi.com/public/images/vehicules/1.jpg [] []
[2024-09-19T15:57:05.334424+02:00] app.DEBUG: Nombre de véhicules affichés : 1 [] []
[2024-09-19T15:57:05.334467+02:00] app.DEBUG: Nombre de véhicules affichés : 1 [] []
[2024-09-19T15:57:05.334484+02:00] app.INFO: Contenu de la vue capturé, longueur : 1422 [] []
[2024-09-19T15:57:05.334509+02:00] app.INFO: Utilisation du layout : /var/www/html/e-motion/controller/../views/layouts/main.php [] []
[2024-09-19T15:57:05.334543+02:00] app.DEBUG: Recherche de l'utilisateur par ID: 1 [] []
[2024-09-19T15:57:05.335064+02:00] app.DEBUG: Utilisateur trouvé par ID: 1 [] []
[2024-09-19T15:57:05.335149+02:00] app.INFO: Fin du rendu de la vue : home [] []
[2024-09-19T15:57:05.335169+02:00] app.DEBUG: Fin de la méthode index() [] []
[2024-09-19T15:57:07.837859+02:00] app.INFO: BaseController initialized [] []
[2024-09-19T15:57:07.839113+02:00] app.INFO: BaseController initialized [] []
[2024-09-19T15:57:07.841289+02:00] app.INFO: Début du rendu de la vue : vehicules/index [] []
[2024-09-19T15:57:07.841342+02:00] app.INFO: Chemin de la vue : /var/www/html/e-motion/controller/../views/vehicules/index.php [] []
[2024-09-19T15:57:07.844126+02:00] app.INFO: Contenu de la vue capturé, longueur : 1288 [] []
[2024-09-19T15:57:07.844272+02:00] app.INFO: Utilisation du layout : /var/www/html/e-motion/controller/../views/layouts/main.php [] []
[2024-09-19T15:57:07.844336+02:00] app.DEBUG: Recherche de l'utilisateur par ID: 1 [] []
[2024-09-19T15:57:07.845430+02:00] app.DEBUG: Utilisateur trouvé par ID: 1 [] []
[2024-09-19T15:57:07.845564+02:00] app.INFO: Fin du rendu de la vue : vehicules/index [] []
[2024-09-19T15:57:36.600048+02:00] app.INFO: BaseController initialized [] []
[2024-09-19T15:57:36.600185+02:00] app.INFO: BaseController initialized [] []
[2024-09-19T15:57:36.603552+02:00] app.INFO: Début du rendu de la vue : vehicules/show [] []
[2024-09-19T15:57:36.603652+02:00] app.INFO: Chemin de la vue : /var/www/html/e-motion/controller/../views/vehicules/show.php [] []
[2024-09-19T15:57:36.605513+02:00] app.INFO: Contenu de la vue capturé, longueur : 1213 [] []
[2024-09-19T15:57:36.605593+02:00] app.INFO: Utilisation du layout : /var/www/html/e-motion/controller/../views/layouts/main.php [] []
[2024-09-19T15:57:36.605626+02:00] app.DEBUG: Recherche de l'utilisateur par ID: 1 [] []
[2024-09-19T15:57:36.606304+02:00] app.DEBUG: Utilisateur trouvé par ID: 1 [] []
[2024-09-19T15:57:36.606371+02:00] app.INFO: Fin du rendu de la vue : vehicules/show [] []
[2024-09-19T15:57:54.170103+02:00] app.INFO: BaseController initialized [] []
[2024-09-19T15:57:54.170209+02:00] app.INFO: Accès à la page de locations autorisé. [] []
[2024-09-19T15:57:54.174106+02:00] app.INFO: BaseController initialized [] []
[2024-09-19T15:57:54.174149+02:00] app.DEBUG: Recherche de l'utilisateur par ID: 1 [] []
[2024-09-19T15:57:54.175443+02:00] app.DEBUG: Utilisateur trouvé par ID: 1 [] []
[2024-09-19T15:57:54.179740+02:00] app.INFO: Début du rendu de la vue : rentals/index [] []
[2024-09-19T15:57:54.179809+02:00] app.INFO: Chemin de la vue : /var/www/html/e-motion/controller/../views/rentals/index.php [] []
[2024-09-19T15:57:54.181296+02:00] app.INFO: Contenu de la vue capturé, longueur : 976 [] []
[2024-09-19T15:57:54.181363+02:00] app.INFO: Utilisation du layout : /var/www/html/e-motion/controller/../views/layouts/main.php [] []
[2024-09-19T15:57:54.181401+02:00] app.DEBUG: Recherche de l'utilisateur par ID: 1 [] []
[2024-09-19T15:57:54.182231+02:00] app.DEBUG: Utilisateur trouvé par ID: 1 [] []
[2024-09-19T15:57:54.182320+02:00] app.INFO: Fin du rendu de la vue : rentals/index [] []
[2024-09-19T15:58:16.395151+02:00] app.INFO: BaseController initialized [] []
[2024-09-19T15:58:16.400048+02:00] app.INFO: Connexion à la base de données établie avec succès [] []
[2024-09-19T15:58:16.400724+02:00] app.INFO: Accès à la page d'accueil de l'administration [] []
[2024-09-19T15:58:16.401010+02:00] app.INFO: Accès au tableau de bord administrateur [] []
[2024-09-19T15:58:16.405485+02:00] app.DEBUG: Statistiques récupérées pour le tableau de bord {"totalVehicules":1,"totalUsers":1,"totalRentals":0,"totalRevenue":0} []
[2024-09-19T15:58:16.405541+02:00] app.INFO: Début du rendu de la vue : admin/dashboard [] []
[2024-09-19T15:58:16.405563+02:00] app.INFO: Chemin de la vue : /var/www/html/e-motion/controller/../views/admin/dashboard.php [] []
[2024-09-19T15:58:16.406816+02:00] app.INFO: Contenu de la vue capturé, longueur : 4227 [] []
[2024-09-19T15:58:16.406855+02:00] app.INFO: Utilisation du layout : /var/www/html/e-motion/controller/../views/layouts/main.php [] []
[2024-09-19T15:58:16.406880+02:00] app.DEBUG: Recherche de l'utilisateur par ID: 1 [] []
[2024-09-19T15:58:16.407455+02:00] app.DEBUG: Utilisateur trouvé par ID: 1 [] []
[2024-09-19T15:58:16.407513+02:00] app.INFO: Fin du rendu de la vue : admin/dashboard [] []
